[13:20:18] [Render thread/INFO] [JMLogger] JourneyMap log initialized.
[13:20:18] [Render thread/INFO] [JourneymapClient] initialize ENTER
[13:20:18] [Render thread/INFO] [ClientAPI] [ClientAPI] built with JourneyMap API 2.0.0-SNAPSHOT
[13:20:18] [Render thread/INFO] [PluginHelper] Initialized IJourneyMapPlugin as:games.alejandrocoria.mapfrontiers.client.plugin.MapFrontiersPlugin: for:mapfrontiers
[13:20:18] [Render thread/INFO] [PluginHelper] Initialized IJourneyMapPlugin as:journeymap.api.plugins.LoadedChunkOverlayPlugin: for:journeymap_chunk_overlay
[13:20:18] [Render thread/DEBUG] [JourneymapClient] Loading and Generating Journeymap configs
[13:20:18] [Render thread/WARN] [PropertiesBase] core (Initialized) Bad configField entry during updateFrom(): optionsManagerViewed=null
[13:20:18] [Render thread/WARN] [PropertiesBase] core (Initialized) Bad configField entry during updateFrom(): splashViewed=null
[13:20:18] [Render thread/INFO] [?] Version: JourneyMap 1.21.1-6.0.0-beta.56, built with neoforge 0.116.7+1.21.1
neoforge: 21.1.220
Environment: os.name, os.arch, java.version, user.country, user.language=null, game language=en_us, locale=en_us
Features: 
	RadarPlayers : singleplayer = true , multiplayer = true
	RadarAnimals : singleplayer = true , multiplayer = true
	RadarMobs : singleplayer = true , multiplayer = true
	RadarVillagers : singleplayer = true , multiplayer = true
	MapTopo : singleplayer = true , multiplayer = true
	MapSurface : singleplayer = true , multiplayer = true
	MapCaves : singleplayer = true , multiplayer = true
	MapBiome : singleplayer = true , multiplayer = true
MiniMapProperties{state=Valid, file=journeymap.minimap.config, configVersion=6.0.0-beta.56, infoSlotTimeFormat=HH:mm:ss, zoomLevel=512, compassFontScale=1.0, infoSlotFontScale=1.0, terrainAlpha=100, showEntityNames=false, showPassiveNames=false, positionX=0.9, positionY=0.25, effectVertical=false, showPlayerHeading=true, sizePercent=30, playerDisplayScale=1.0, showDayNight=true, showPets=true, showPlayerNames=true, preferredMapType=night, showCompass=true, showNpcNames=false, mobDisplay=jm.common.entity_display.dots_and_outlined_icons, showHostileNames=false, systemTimeRealFormat=HH:mm:ss, shape=jm.minimap.shape_circle, showSelf=true, showVillagerNames=false, selfDisplayScale=1.0, showGrid=true, reticleOrientation=jm.minimap.orientation.compass, minimapLockedMapType=jm.common.map_type.auto, effectTranslateX=0, info3LabelPosition=jm.minimap.info_slot.bottom, showWaypoints=true, info2LabelPosition=jm.minimap.info_slot.top, minimapKeyMovementSpeed=0.001, info1LabelPosition=jm.minimap.info_slot.top, showAnimals=true, infoSlotAlpha=0.7, effectTranslateY=0, showWaypointLabels=true, showAmbientNames=false, moveEffectIcons=true, showTeamNames=true, position=jm.minimap.position_topright, fontScale=1.0, info4LabelPosition=jm.minimap.info_slot.bottom, showPlayers=true, waypointIconScale=1.0, frameAlpha=100, effectReversed=false, backgroundAlpha=0.8, enabled=true, showVillagers=true, info2Label=jm.theme.labelsource.gametime, info3Label=jm.theme.labelsource.location, caveLayer=4, showMobs=true, waypointLabelScale=1.0, showReticle=true, orientation=jm.minimap.orientation.north, info4Label=jm.theme.labelsource.biome, locationFormat=xzyv, playerDisplay=jm.common.entity_display.outlined_icons, mobDisplayScale=1.0, showOffScreenPlayers=true, showCaves=true, hideEffectIcons=false, showMobHeading=true, locationFormatVerbose=true, showAmbientCreatures=false, showPetNames=false, info1Label=jm.theme.labelsource.blank, showNoIconNames=true}
MiniMapProperties{state=Valid, file=journeymap.minimap2.config, configVersion=6.0.0-beta.56, infoSlotTimeFormat=HH:mm:ss, zoomLevel=512, compassFontScale=1.0, infoSlotFontScale=1.0, terrainAlpha=100, showEntityNames=false, showPassiveNames=false, positionX=0.9, positionY=0.25, effectVertical=false, showPlayerHeading=true, sizePercent=30, playerDisplayScale=1.0, showDayNight=true, showPets=true, showPlayerNames=true, preferredMapType=day, showCompass=true, showNpcNames=false, mobDisplay=jm.common.entity_display.dots_and_outlined_icons, showHostileNames=false, systemTimeRealFormat=HH:mm:ss, shape=jm.minimap.shape_rectangle, showSelf=true, showVillagerNames=false, selfDisplayScale=1.0, showGrid=true, reticleOrientation=jm.minimap.orientation.compass, minimapLockedMapType=jm.common.map_type.auto, effectTranslateX=0, info3LabelPosition=jm.minimap.info_slot.bottom, showWaypoints=true, info2LabelPosition=jm.minimap.info_slot.top, minimapKeyMovementSpeed=0.001, info1LabelPosition=jm.minimap.info_slot.top, showAnimals=true, infoSlotAlpha=0.7, effectTranslateY=0, showWaypointLabels=true, showAmbientNames=false, moveEffectIcons=true, showTeamNames=true, position=jm.minimap.position_topright, fontScale=1.0, info4LabelPosition=jm.minimap.info_slot.bottom, showPlayers=true, waypointIconScale=1.0, frameAlpha=100, effectReversed=false, backgroundAlpha=0.8, enabled=true, showVillagers=true, info2Label=jm.theme.labelsource.gametime, info3Label=jm.theme.labelsource.location, caveLayer=4, showMobs=true, waypointLabelScale=1.0, showReticle=true, orientation=jm.minimap.orientation.north, info4Label=jm.theme.labelsource.biome, locationFormat=xzyv, playerDisplay=jm.common.entity_display.outlined_icons, mobDisplayScale=1.0, showOffScreenPlayers=true, showCaves=true, hideEffectIcons=false, showMobHeading=true, locationFormatVerbose=true, showAmbientCreatures=false, showPetNames=false, info1Label=jm.theme.labelsource.blank, showNoIconNames=true}
FullMapProperties{state=Valid, file=journeymap.fullmap.config, configVersion=6.0.0-beta.56, zoomLevel=512, minimalMode=false, showPlayers=true, waypointIconScale=1.0, showEntityNames=false, showPassiveNames=false, showPlayerHeading=true, showVillagers=true, showPlayerLoc=true, showKeys=true, playerDisplayScale=1.0, showMobs=true, showPets=true, waypointLabelScale=1.0, showPlayerNames=true, preferredMapType=day, showNpcNames=false, mobDisplay=jm.common.entity_display.dots_and_outlined_icons, showHostileNames=false, showSelf=true, locationFormat=xzyv, playerDisplay=jm.common.entity_display.outlined_icons, showVillagerNames=false, mobDisplayScale=1.0, selfDisplayScale=1.0, showOffScreenPlayers=true, showGrid=true, showMouseLoc=true, showWaypoints=true, showCaves=true, showThemeButton=true, showAnimals=true, showMobHeading=true, showWaypointLabels=true, locationFormatVerbose=true, showAmbientNames=false, showAmbientCreatures=false, showTeamNames=true, showPetNames=false, fontScale=1.0, showNoIconNames=true}
WaypointProperties{state=Valid, file=journeymap.waypoint.config, configVersion=6.0.0-beta.56, autoRemoveDeathpointDistance=2, showPlayers=false, dateFormat=MM-dd-yyyy, autoHideIconAngle=5, autoRemoveDeathpoints=false, autoHideIcon=false, autoHideLabelAngle=5, renderWaypointsWorld=true, showDeleteConfirmation=true, managerDimensionFocus=false, fullscreenDoubleClickToCreate=true, minDistance=4, coordinatesFormat=XZY, boldLabel=false, disableShare=false, showDeathpointlabel=true, textureSmall=true, useActionsButton=false, beaconEnabled=true, createDeathpoints=true, disableStrikeThrough=false, renderWaypointsMap=true, showName=true, maxDistance=0, ignoreRenderDistance=false, autoHideLabel=true, autoRemoveTempWaypoints=2, teleportCommand=/execute in {dim} run tp {name} {x} {y} {z}, showStaticBeam=true, renderWaypoints=true, wholeNumberTeleportCoords=false, timeFormat=HH:mm:ss, shaderBeacon=false, showDistance=true, showRotatingBeam=true, fontScale=2.0, managerEnabled=true}
WebMapProperties{state=Valid, file=journeymap.webmap.config, configVersion=6.0.0-beta.56, port=8080, enabled=false}
CoreProperties{state=Valid, file=journeymap.core.config, configVersion=6.0.0-beta.56, maxPlayersData=32, mapSurfaceAboveCaves=true, dataCachingEnabled=true, maxAmbientCreaturesData=32, optionsManagerViewed=null, announceMod=true, ignoreSnow=false, colorPassive=#bbbbbb, colorPassiveLabel=#bbbbbb, mapShadows=true, mapBlendWater=true, playerIconFade=true, renderDistanceSurfaceMax=0, seedId=false, colorPetLabel=#0077ff, radarVerticalDistance=16, mapBlendGrass=true, recordCacheStats=false, hideSneakingEntities=true, initialSortOrder=Name, colorPlayerLabel=#ffffff, revealShape=jm.minimap.shape_circle, mapBiome=true, caveShader=jm.common.map_filter.default, mipmapLevels=5, colorVillagerLabel=#88e188, alwaysMapSurface=false, biomeShader=jm.common.map_filter.default, colorVillager=#88e188, mapPlants=false, colorPet=#0077ff, sortDescending=true, radarLateralDistance=64, mapBathymetry=false, mapCrops=true, maxMobsData=32, dayShader=jm.common.map_filter.default, mapPlantShadows=false, alwaysMapCaves=false, checkUpdates=true, colorHostileLabel=#ff0000, mapBlendFoliage=true, topoMax=0, hideSpectators=false, mappingEnabled=true, colorPlayer=#ffffff, cacheVillagersData=2200, logLevel=INFO, maxVillagersData=32, mapWaterBiomeColors=true, maxAnimalsData=32, mapTransparency=true, caveBlackAsClear=false, caveModeThreshold=2, legacyIcons=false, netherShader=jm.common.map_filter.default, caveIgnoreGlass=true, mapTopography=true, renderDistanceCaveMax=0, mapAntialiasing=true, colorSelf=#0000ff, cachePlayersData=2000, mapOnlyPlayerChunk=false, nightShader=jm.common.map_filter.default, cacheMobsData=3000, cachePlayerData=1000, splashViewed=null, colorHostile=#ff0000, topoShader=jm.common.map_filter.default, allowMiniMapBehindScreens=true, cacheAnimalsData=3100, ignoreHeightmaps=false, themeName=Purist, mapCaveLighting=true, renderDelay=2, mobIconFade=true, serverIp=false, glErrorChecking=false, autoMapPoll=2000}
[13:20:18] [Render thread/INFO] [JourneymapClient] initialize EXIT, elapsed count 1 avg 192.62ms
[13:20:19] [Render thread/INFO] [JourneymapClientNeoForge] Journeymap PostInit
[13:20:19] [Render thread/DEBUG] [JourneymapClient] postInitialize ENTER
[13:20:19] [Render thread/TRACE] [ThemeLoader] Initializing themes ...
[13:20:19] [Render thread/INFO] [NeoForgeHooks] ModFileLocation:file:/C:/Users/chris/AppData/Roaming/PrismLauncher/instances/A3/minecraft/mods/journeymap-neoforge-1.21.1-6.0.0-beta.56.jar
[13:20:19] [Render thread/DEBUG] [FileHandler] ZipFilePath:C:/Users/chris/AppData/Roaming/PrismLauncher/instances/A3/minecraft/mods/journeymap-neoforge-1.21.1-6.0.0-beta.56.jar zipEntryName:assets/journeymap/theme/victorian_ destDir:C:\Users\chris\AppData\Roaming\PrismLauncher\instances\A3\minecraft\journeymap\icon\theme\victorian_ overWrite:true fromPath:C:/Users/chris/AppData/Roaming/PrismLauncher/instances/A3/minecraft/mods/journeymap-neoforge-1.21.1-6.0.0-beta.56.jar
[13:20:19] [Render thread/INFO] [NeoForgeHooks] ModFileLocation:file:/C:/Users/chris/AppData/Roaming/PrismLauncher/instances/A3/minecraft/mods/journeymap-neoforge-1.21.1-6.0.0-beta.56.jar
[13:20:19] [Render thread/DEBUG] [FileHandler] ZipFilePath:C:/Users/chris/AppData/Roaming/PrismLauncher/instances/A3/minecraft/mods/journeymap-neoforge-1.21.1-6.0.0-beta.56.jar zipEntryName:assets/journeymap/theme/flat destDir:C:\Users\chris\AppData\Roaming\PrismLauncher\instances\A3\minecraft\journeymap\icon\theme\flat overWrite:true fromPath:C:/Users/chris/AppData/Roaming/PrismLauncher/instances/A3/minecraft/mods/journeymap-neoforge-1.21.1-6.0.0-beta.56.jar
[13:20:19] [Render thread/INFO] [NeoForgeHooks] ModFileLocation:file:/C:/Users/chris/AppData/Roaming/PrismLauncher/instances/A3/minecraft/mods/journeymap-neoforge-1.21.1-6.0.0-beta.56.jar
[13:20:19] [Render thread/DEBUG] [FileHandler] ZipFilePath:C:/Users/chris/AppData/Roaming/PrismLauncher/instances/A3/minecraft/mods/journeymap-neoforge-1.21.1-6.0.0-beta.56.jar zipEntryName:assets/journeymap/theme/vault_flat destDir:C:\Users\chris\AppData\Roaming\PrismLauncher\instances\A3\minecraft\journeymap\icon\theme\vault_flat overWrite:true fromPath:C:/Users/chris/AppData/Roaming/PrismLauncher/instances/A3/minecraft/mods/journeymap-neoforge-1.21.1-6.0.0-beta.56.jar
[13:20:19] [Render thread/INFO] [NeoForgeHooks] ModFileLocation:file:/C:/Users/chris/AppData/Roaming/PrismLauncher/instances/A3/minecraft/mods/journeymap-neoforge-1.21.1-6.0.0-beta.56.jar
[13:20:19] [Render thread/DEBUG] [FileHandler] ZipFilePath:C:/Users/chris/AppData/Roaming/PrismLauncher/instances/A3/minecraft/mods/journeymap-neoforge-1.21.1-6.0.0-beta.56.jar zipEntryName:assets/journeymap/theme/vault destDir:C:\Users\chris\AppData\Roaming\PrismLauncher\instances\A3\minecraft\journeymap\icon\theme\vault overWrite:true fromPath:C:/Users/chris/AppData/Roaming/PrismLauncher/instances/A3/minecraft/mods/journeymap-neoforge-1.21.1-6.0.0-beta.56.jar
[13:20:20] [Render thread/INFO] [ThemeLoader] Preloaded theme textures: 73
[13:20:20] [Render thread/INFO] [JourneymapClient] postInitialize EXIT, elapsed count 1 avg 986.83ms
[13:20:21] [Render thread/INFO] [ColorPalette] Color palette file generated for 0 blockstates in 0ms for: Default Palette
[13:22:12] [Render thread/INFO] [TextureCache] [JourneyMap]: Purging Theme Images
[13:22:12] [Render thread/INFO] [TextureCache] [JourneyMap]: Purging Region Images
[13:22:12] [Render thread/INFO] [TextureCache] [JourneyMap]: Purging Mob Icon Images
[13:22:12] [Render thread/INFO] [WaypointHandler] Resetting Waypoints and Groups.
[13:22:12] [Render thread/ERROR] [PlayerConnectHandler] Error handling ClientPlayerNetworkEvent.LoggedOutEvent
java.lang.NullPointerException: Cannot invoke "java.io.File.listFiles(java.io.FilenameFilter)" because "waypointDir" is null
	at TRANSFORMER/journeymap@1.21.1-6.0.0-beta.56/journeymap.client.waypoint.ClientWaypointDAO.findExternalDatFiles(ClientWaypointDAO.java:181) ~[journeymap-neoforge-1.21.1-6.0.0-beta.56.jar%23352!/:1.21.1-6.0.0-beta.56]
	at TRANSFORMER/journeymap@1.21.1-6.0.0-beta.56/journeymap.client.waypoint.ClientWaypointDAO.mergeExternalDatFiles(ClientWaypointDAO.java:155) ~[journeymap-neoforge-1.21.1-6.0.0-beta.56.jar%23352!/:1.21.1-6.0.0-beta.56]
	at TRANSFORMER/journeymap@1.21.1-6.0.0-beta.56/journeymap.client.waypoint.ClientWaypointDAO.<init>(ClientWaypointDAO.java:46) ~[journeymap-neoforge-1.21.1-6.0.0-beta.56.jar%23352!/:1.21.1-6.0.0-beta.56]
	at TRANSFORMER/journeymap@1.21.1-6.0.0-beta.56/journeymap.client.waypoint.WaypointHandler.getDao(WaypointHandler.java:38) ~[journeymap-neoforge-1.21.1-6.0.0-beta.56.jar%23352!/:1.21.1-6.0.0-beta.56]
	at TRANSFORMER/journeymap@1.21.1-6.0.0-beta.56/journeymap.common.waypoint.WaypointStore.load(WaypointStore.java:250) ~[journeymap-neoforge-1.21.1-6.0.0-beta.56.jar%23352!/:1.21.1-6.0.0-beta.56]
	at TRANSFORMER/journeymap@1.21.1-6.0.0-beta.56/journeymap.common.waypoint.WaypointStore.reset(WaypointStore.java:235) ~[journeymap-neoforge-1.21.1-6.0.0-beta.56.jar%23352!/:1.21.1-6.0.0-beta.56]
	at TRANSFORMER/journeymap@1.21.1-6.0.0-beta.56/journeymap.client.waypoint.WaypointHandler.reset(WaypointHandler.java:59) ~[journeymap-neoforge-1.21.1-6.0.0-beta.56.jar%23352!/:1.21.1-6.0.0-beta.56]
	at TRANSFORMER/journeymap@1.21.1-6.0.0-beta.56/journeymap.client.event.handlers.PlayerConnectHandler.onDisconnect(PlayerConnectHandler.java:33) [journeymap-neoforge-1.21.1-6.0.0-beta.56.jar%23352!/:1.21.1-6.0.0-beta.56]
	at TRANSFORMER/journeymap@1.21.1-6.0.0-beta.56/journeymap.client.event.NeoForgeLoggedInEvent.onDisconnect(NeoForgeLoggedInEvent.java:27) [journeymap-neoforge-1.21.1-6.0.0-beta.56.jar%23352!/:1.21.1-6.0.0-beta.56]
	at MC-BOOTSTRAP/net.neoforged.bus/net.neoforged.bus.EventBus.post(EventBus.java:360) [bus-8.0.5.jar%23164!/:?]
	at MC-BOOTSTRAP/net.neoforged.bus/net.neoforged.bus.EventBus.post(EventBus.java:328) [bus-8.0.5.jar%23164!/:?]
	at TRANSFORMER/neoforge@21.1.220/net.neoforged.neoforge.client.ClientHooks.firePlayerLogout(ClientHooks.java:727) [neoforge-21.1.220-universal.jar%23294!/:?]
	at TRANSFORMER/minecraft@1.21.1/net.minecraft.client.Minecraft.disconnect(Minecraft.java:2152) [client-1.21.1-20240808.144430-srg.jar%23293!/:?]
	at TRANSFORMER/minecraft@1.21.1/net.minecraft.client.Minecraft.disconnect(Minecraft.java:2127) [client-1.21.1-20240808.144430-srg.jar%23293!/:?]
	at TRANSFORMER/minecraft@1.21.1/net.minecraft.client.Minecraft.doWorldLoad(Minecraft.java:2055) [client-1.21.1-20240808.144430-srg.jar%23293!/:?]
	at TRANSFORMER/minecraft@1.21.1/net.minecraft.client.gui.screens.worldselection.WorldOpenFlows.openWorldDoLoad(WorldOpenFlows.java:455) [client-1.21.1-20240808.144430-srg.jar%23293!/:?]
	at TRANSFORMER/minecraft@1.21.1/net.minecraft.client.gui.screens.worldselection.WorldOpenFlows.openWorldCheckDiskSpace(WorldOpenFlows.java:450) [client-1.21.1-20240808.144430-srg.jar%23293!/:?]
	at TRANSFORMER/minecraft@1.21.1/net.minecraft.client.gui.screens.worldselection.WorldOpenFlows.lambda$openWorldLoadBundledResourcePack$16(WorldOpenFlows.java:413) [client-1.21.1-20240808.144430-srg.jar%23293!/:?]
	at java.base/java.util.concurrent.CompletableFuture$UniAccept.tryFire(CompletableFuture.java:739) [?:?]
	at java.base/java.util.concurrent.CompletableFuture$Completion.run(CompletableFuture.java:503) [?:?]
	at TRANSFORMER/minecraft@1.21.1/net.minecraft.util.thread.BlockableEventLoop.execute(BlockableEventLoop.java:98) [client-1.21.1-20240808.144430-srg.jar%23293!/:?]
	at java.base/java.util.concurrent.CompletableFuture.uniAcceptNow(CompletableFuture.java:775) [?:?]
	at java.base/java.util.concurrent.CompletableFuture.uniAcceptStage(CompletableFuture.java:756) [?:?]
	at java.base/java.util.concurrent.CompletableFuture.thenAcceptAsync(CompletableFuture.java:2250) [?:?]
	at TRANSFORMER/minecraft@1.21.1/net.minecraft.client.gui.screens.worldselection.WorldOpenFlows.openWorldLoadBundledResourcePack(WorldOpenFlows.java:411) [client-1.21.1-20240808.144430-srg.jar%23293!/:?]
	at TRANSFORMER/minecraft@1.21.1/net.minecraft.client.gui.screens.worldselection.WorldOpenFlows.openWorldCheckWorldStemCompatibility(WorldOpenFlows.java:386) [client-1.21.1-20240808.144430-srg.jar%23293!/:?]
	at TRANSFORMER/minecraft@1.21.1/net.minecraft.client.gui.screens.worldselection.WorldOpenFlows.openWorldLoadLevelStem(WorldOpenFlows.java:375) [client-1.21.1-20240808.144430-srg.jar%23293!/:?]
	at TRANSFORMER/minecraft@1.21.1/net.minecraft.client.gui.screens.worldselection.WorldOpenFlows.openWorldCheckVersionCompatibility(WorldOpenFlows.java:335) [client-1.21.1-20240808.144430-srg.jar%23293!/:?]
	at TRANSFORMER/minecraft@1.21.1/net.minecraft.client.gui.screens.worldselection.WorldOpenFlows.openWorldLoadLevelData(WorldOpenFlows.java:297) [client-1.21.1-20240808.144430-srg.jar%23293!/:?]
	at TRANSFORMER/minecraft@1.21.1/net.minecraft.client.gui.screens.worldselection.WorldOpenFlows.openWorld(WorldOpenFlows.java:261) [client-1.21.1-20240808.144430-srg.jar%23293!/:?]
	at TRANSFORMER/minecraft@1.21.1/net.minecraft.client.gui.screens.worldselection.WorldSelectionList$WorldListEntry.joinWorld(WorldSelectionList.java:498) [client-1.21.1-20240808.144430-srg.jar%23293!/:?]
	at java.base/java.util.Optional.ifPresent(Optional.java:178) [?:?]
	at TRANSFORMER/minecraft@1.21.1/net.minecraft.client.gui.screens.worldselection.SelectWorldScreen.lambda$init$1(SelectWorldScreen.java:53) [client-1.21.1-20240808.144430-srg.jar%23293!/:?]
	at TRANSFORMER/minecraft@1.21.1/net.minecraft.client.gui.components.Button.onPress(Button.java:41) [client-1.21.1-20240808.144430-srg.jar%23293!/:?]
	at TRANSFORMER/minecraft@1.21.1/net.minecraft.client.gui.components.AbstractButton.onClick(AbstractButton.java:47) [client-1.21.1-20240808.144430-srg.jar%23293!/:?]
	at TRANSFORMER/neoforge@21.1.220/net.neoforged.neoforge.client.extensions.IAbstractWidgetExtension.onClick(IAbstractWidgetExtension.java:36) [neoforge-21.1.220-universal.jar%23294!/:?]
	at TRANSFORMER/minecraft@1.21.1/net.minecraft.client.gui.components.AbstractWidget.mouseClicked(AbstractWidget.java:144) [client-1.21.1-20240808.144430-srg.jar%23293!/:?]
	at TRANSFORMER/minecraft@1.21.1/net.minecraft.client.gui.components.events.ContainerEventHandler.mouseClicked(ContainerEventHandler.java:38) [client-1.21.1-20240808.144430-srg.jar%23293!/:?]
	at TRANSFORMER/minecraft@1.21.1/net.minecraft.client.MouseHandler.lambda$onPress$0(MouseHandler.java:98) [client-1.21.1-20240808.144430-srg.jar%23293!/:?]
	at TRANSFORMER/minecraft@1.21.1/net.minecraft.client.gui.screens.Screen.wrapScreenError(Screen.java:451) [client-1.21.1-20240808.144430-srg.jar%23293!/:?]
	at TRANSFORMER/minecraft@1.21.1/net.minecraft.client.MouseHandler.onPress(MouseHandler.java:95) [client-1.21.1-20240808.144430-srg.jar%23293!/:?]
	at TRANSFORMER/minecraft@1.21.1/net.minecraft.client.MouseHandler.lambda$setup$4(MouseHandler.java:202) [client-1.21.1-20240808.144430-srg.jar%23293!/:?]
	at TRANSFORMER/minecraft@1.21.1/net.minecraft.util.thread.BlockableEventLoop.execute(BlockableEventLoop.java:98) [client-1.21.1-20240808.144430-srg.jar%23293!/:?]
	at TRANSFORMER/minecraft@1.21.1/net.minecraft.client.MouseHandler.lambda$setup$5(MouseHandler.java:202) [client-1.21.1-20240808.144430-srg.jar%23293!/:?]
	at MC-BOOTSTRAP/org.lwjgl.glfw@3.3.3+5/org.lwjgl.glfw.GLFWMouseButtonCallbackI.callback(GLFWMouseButtonCallbackI.java:43) [lwjgl-glfw-3.3.3.jar%23109!/:build 5]
	at MC-BOOTSTRAP/org.lwjgl@3.3.3+5/org.lwjgl.system.JNI.invokeV(Native Method) [lwjgl-3.3.3.jar%23121!/:build 5]
	at MC-BOOTSTRAP/org.lwjgl.glfw@3.3.3+5/org.lwjgl.glfw.GLFW.glfwWaitEventsTimeout(GLFW.java:3509) [lwjgl-glfw-3.3.3.jar%23109!/:build 5]
	at TRANSFORMER/minecraft@1.21.1/com.mojang.blaze3d.systems.RenderSystem.limitDisplayFPS(RenderSystem.java:162) [client-1.21.1-20240808.144430-srg.jar%23293!/:?]
	at TRANSFORMER/minecraft@1.21.1/net.minecraft.client.Minecraft.runTick(Minecraft.java:1220) [client-1.21.1-20240808.144430-srg.jar%23293!/:?]
	at TRANSFORMER/minecraft@1.21.1/net.minecraft.client.Minecraft.run(Minecraft.java:807) [client-1.21.1-20240808.144430-srg.jar%23293!/:?]
	at TRANSFORMER/minecraft@1.21.1/net.minecraft.client.main.Main.main(Main.java:230) [client-1.21.1-20240808.144430-srg.jar%23293!/:?]
	at java.base/jdk.internal.reflect.DirectMethodHandleAccessor.invoke(DirectMethodHandleAccessor.java:104) ~[?:?]
	at java.base/java.lang.reflect.Method.invoke(Method.java:565) ~[?:?]
	at MC-BOOTSTRAP/fml_loader@4.0.42/net.neoforged.fml.loading.targets.CommonLaunchHandler.runTarget(CommonLaunchHandler.java:136) [loader-4.0.42.jar%23161!/:4.0]
	at MC-BOOTSTRAP/fml_loader@4.0.42/net.neoforged.fml.loading.targets.CommonLaunchHandler.clientService(CommonLaunchHandler.java:124) [loader-4.0.42.jar%23161!/:4.0]
	at MC-BOOTSTRAP/fml_loader@4.0.42/net.neoforged.fml.loading.targets.CommonClientLaunchHandler.runService(CommonClientLaunchHandler.java:32) [loader-4.0.42.jar%23161!/:4.0]
	at MC-BOOTSTRAP/fml_loader@4.0.42/net.neoforged.fml.loading.targets.CommonLaunchHandler.lambda$launchService$4(CommonLaunchHandler.java:118) [loader-4.0.42.jar%23161!/:4.0]
	at MC-BOOTSTRAP/cpw.mods.modlauncher@11.0.5/cpw.mods.modlauncher.LaunchServiceHandlerDecorator.launch(LaunchServiceHandlerDecorator.java:30) [modlauncher-11.0.5.jar%23166!/:?]
	at MC-BOOTSTRAP/cpw.mods.modlauncher@11.0.5/cpw.mods.modlauncher.LaunchServiceHandler.launch(LaunchServiceHandler.java:53) [modlauncher-11.0.5.jar%23166!/:?]
	at MC-BOOTSTRAP/cpw.mods.modlauncher@11.0.5/cpw.mods.modlauncher.LaunchServiceHandler.launch(LaunchServiceHandler.java:71) [modlauncher-11.0.5.jar%23166!/:?]
	at MC-BOOTSTRAP/cpw.mods.modlauncher@11.0.5/cpw.mods.modlauncher.Launcher.run(Launcher.java:103) [modlauncher-11.0.5.jar%23166!/:?]
	at MC-BOOTSTRAP/cpw.mods.modlauncher@11.0.5/cpw.mods.modlauncher.Launcher.main(Launcher.java:74) [modlauncher-11.0.5.jar%23166!/:?]
	at MC-BOOTSTRAP/cpw.mods.modlauncher@11.0.5/cpw.mods.modlauncher.BootstrapLaunchConsumer.accept(BootstrapLaunchConsumer.java:26) [modlauncher-11.0.5.jar%23166!/:?]
	at MC-BOOTSTRAP/cpw.mods.modlauncher@11.0.5/cpw.mods.modlauncher.BootstrapLaunchConsumer.accept(BootstrapLaunchConsumer.java:23) [modlauncher-11.0.5.jar%23166!/:?]
	at cpw.mods.bootstraplauncher@2.0.2/cpw.mods.bootstraplauncher.BootstrapLauncher.run(BootstrapLauncher.java:210) [bootstraplauncher-2.0.2.jar:?]
	at cpw.mods.bootstraplauncher@2.0.2/cpw.mods.bootstraplauncher.BootstrapLauncher.main(BootstrapLauncher.java:69) [bootstraplauncher-2.0.2.jar:?]
	at java.base/jdk.internal.reflect.DirectMethodHandleAccessor.invoke(DirectMethodHandleAccessor.java:104) ~[?:?]
	at java.base/java.lang.reflect.Method.invoke(Method.java:565) ~[?:?]
	at io.github.zekerzhayard.forgewrapper.installer.Main.main(Main.java:67) [ForgeWrapper-prism-2025-12-07.jar:prism-2025-12-07]
	at org.prismlauncher.launcher.impl.StandardLauncher.launch(StandardLauncher.java:115) [NewLaunch.jar:?]
	at org.prismlauncher.EntryPoint.listen(EntryPoint.java:129) [NewLaunch.jar:?]
	at org.prismlauncher.EntryPoint.main(EntryPoint.java:70) [NewLaunch.jar:?]
[13:22:12] [Server thread/INFO] [NeoForgeConfig] Loading JourneyMap Forge Configs
[13:22:13] [Server thread/INFO] [PluginHelper] Found @JourneyMapPlugin: journeymap.api.plugins.LoadedChunkOverlayPlugin
[13:22:15] [Render thread/INFO] [InternalStateHandler] Connection initiated with Journeymap Server: true
[13:22:15] [Render thread/INFO] [InternalStateHandler] Teleport Enabled: false
[13:22:15] [Render thread/INFO] [InternalStateHandler] Expanded Radar Enabled: true
[13:22:15] [Render thread/INFO] [InternalStateHandler] Server Admin Enabled: false
[13:22:15] [Render thread/INFO] [InternalStateHandler] Server set show in-game beacons: true
[13:22:15] [Render thread/INFO] [InternalStateHandler] Server set waypoints allowed: true
[13:22:15] [Render thread/INFO] [InternalStateHandler] Server set Server Admin read only mode: true
[13:22:15] [Render thread/INFO] [InternalStateHandler] Server set maxSurfaceRenderDistance to: 0
[13:22:15] [Render thread/INFO] [InternalStateHandler] Server setmaxCaveRenderDistance to: 0
[13:22:15] [Render thread/INFO] [InternalStateHandler] Server set allow mutliplayer options: true
[13:22:15] [Render thread/INFO] [InternalStateHandler] Server set allow rightClickTeleport options: true
[13:22:15] [Render thread/INFO] [InternalStateHandler] Server set allow radarLateralDistance options: 512
[13:22:15] [Render thread/INFO] [InternalStateHandler] Server set allow radarVerticalDistance options: 320
[13:22:15] [Render thread/INFO] [InternalStateHandler] Server set allow maxAnimalsData options: 128
[13:22:15] [Render thread/INFO] [InternalStateHandler] Server set allow maxAmbientCreaturesData options: 128
[13:22:15] [Render thread/INFO] [InternalStateHandler] Server set allow maxMobsData options: 128
[13:22:15] [Render thread/INFO] [InternalStateHandler] Server set allow maxPlayersData options: 128
[13:22:15] [Render thread/INFO] [InternalStateHandler] Server set allow maxVillagersData options: 128
[13:22:15] [Render thread/INFO] [InternalStateHandler] Server set allow playerRadarNamesEnabled options: true
[13:22:15] [Render thread/INFO] [InternalStateHandler] Server set allow minimapEnabled options: true
[13:22:15] [Render thread/INFO] [InternalStateHandler] Server set allow hideCoordinates options: false
[13:22:15] [Render thread/INFO] [InternalStateHandler] Connection initiated with Journeymap Server: true
[13:22:15] [Render thread/INFO] [InternalStateHandler] Teleport Enabled: false
[13:22:15] [Render thread/INFO] [InternalStateHandler] Expanded Radar Enabled: true
[13:22:15] [Render thread/INFO] [InternalStateHandler] Server Admin Enabled: false
[13:22:15] [Render thread/INFO] [InternalStateHandler] Server set show in-game beacons: true
[13:22:15] [Render thread/INFO] [InternalStateHandler] Server set waypoints allowed: true
[13:22:15] [Render thread/INFO] [InternalStateHandler] Server set Server Admin read only mode: true
[13:22:15] [Render thread/INFO] [InternalStateHandler] Server set maxSurfaceRenderDistance to: 0
[13:22:15] [Render thread/INFO] [InternalStateHandler] Server setmaxCaveRenderDistance to: 0
[13:22:15] [Render thread/INFO] [InternalStateHandler] Server set allow mutliplayer options: true
[13:22:15] [Render thread/INFO] [InternalStateHandler] Server set allow rightClickTeleport options: true
[13:22:15] [Render thread/INFO] [InternalStateHandler] Server set allow radarLateralDistance options: 512
[13:22:15] [Render thread/INFO] [InternalStateHandler] Server set allow radarVerticalDistance options: 320
[13:22:15] [Render thread/INFO] [InternalStateHandler] Server set allow maxAnimalsData options: 128
[13:22:15] [Render thread/INFO] [InternalStateHandler] Server set allow maxAmbientCreaturesData options: 128
[13:22:15] [Render thread/INFO] [InternalStateHandler] Server set allow maxMobsData options: 128
[13:22:15] [Render thread/INFO] [InternalStateHandler] Server set allow maxPlayersData options: 128
[13:22:15] [Render thread/INFO] [InternalStateHandler] Server set allow maxVillagersData options: 128
[13:22:15] [Render thread/INFO] [InternalStateHandler] Server set allow playerRadarNamesEnabled options: true
[13:22:15] [Render thread/INFO] [InternalStateHandler] Server set allow minimapEnabled options: true
[13:22:15] [Render thread/INFO] [InternalStateHandler] Server set allow hideCoordinates options: false
[13:22:17] [Render thread/WARN] [PropertiesBase] core (Initialized) Bad configField entry during updateFrom(): optionsManagerViewed=null
[13:22:17] [Render thread/WARN] [PropertiesBase] core (Initialized) Bad configField entry during updateFrom(): splashViewed=null
[13:22:17] [Render thread/INFO] [WaypointHandler] Resetting Waypoints and Groups.
[13:22:17] [Render thread/INFO] [WaypointStore] Loaded 0 waypoints from disk.
[13:22:17] [Render thread/INFO] [WaypointGroupStore] Loaded 4 waypoint groups from disk.
[13:22:17] [Render thread/INFO] [LegacyWaypointFileMigrator] 0 Legacy waypoints found that need to be migrated and backed up.
[13:22:17] [Render thread/INFO] [ColorPalette] Color palette file generated for 0 blockstates in 1ms for: C:\Users\chris\AppData\Roaming\PrismLauncher\instances\A3\minecraft\journeymap\colorpalette.json
[13:22:17] [Render thread/INFO] [ColorPalette] Color palette file generated for 0 blockstates in 1ms for: C:\Users\chris\AppData\Roaming\PrismLauncher\instances\A3\minecraft\journeymap\data\sp\Test World 2\colorpalette.json
[13:22:17] [Render thread/INFO] [JourneymapClient] Mapping started in C:\Users\chris\AppData\Roaming\PrismLauncher\instances\A3\minecraft\journeymap\data\sp\Test World 2\overworld. Memory: 8192MB total, 5184MB free 
[13:22:17] [Render thread/INFO] [ChatLog] JourneyMap: Press [M]
[13:22:17] [Render thread/INFO] [InternalStateHandler] Connection initiated with Journeymap Server: true
[13:22:17] [Render thread/INFO] [InternalStateHandler] Teleport Enabled: false
[13:22:17] [Render thread/INFO] [InternalStateHandler] Expanded Radar Enabled: true
[13:22:17] [Render thread/INFO] [InternalStateHandler] Server Admin Enabled: false
[13:22:17] [Render thread/INFO] [InternalStateHandler] Server set show in-game beacons: true
[13:22:17] [Render thread/INFO] [InternalStateHandler] Server set waypoints allowed: true
[13:22:17] [Render thread/INFO] [InternalStateHandler] Server set Server Admin read only mode: true
[13:22:17] [Render thread/INFO] [InternalStateHandler] Server set maxSurfaceRenderDistance to: 0
[13:22:17] [Render thread/INFO] [InternalStateHandler] Server setmaxCaveRenderDistance to: 0
[13:22:17] [Render thread/INFO] [InternalStateHandler] Server set allow mutliplayer options: true
[13:22:17] [Render thread/INFO] [InternalStateHandler] Server set allow rightClickTeleport options: true
[13:22:17] [Render thread/INFO] [InternalStateHandler] Server set allow radarLateralDistance options: 512
[13:22:17] [Render thread/INFO] [InternalStateHandler] Server set allow radarVerticalDistance options: 320
[13:22:17] [Render thread/INFO] [InternalStateHandler] Server set allow maxAnimalsData options: 128
[13:22:17] [Render thread/INFO] [InternalStateHandler] Server set allow maxAmbientCreaturesData options: 128
[13:22:17] [Render thread/INFO] [InternalStateHandler] Server set allow maxMobsData options: 128
[13:22:17] [Render thread/INFO] [InternalStateHandler] Server set allow maxPlayersData options: 128
[13:22:17] [Render thread/INFO] [InternalStateHandler] Server set allow maxVillagersData options: 128
[13:22:17] [Render thread/INFO] [InternalStateHandler] Server set allow playerRadarNamesEnabled options: true
[13:22:17] [Render thread/INFO] [InternalStateHandler] Server set allow minimapEnabled options: true
[13:22:17] [Render thread/INFO] [InternalStateHandler] Server set allow hideCoordinates options: false
[13:33:37] [Render thread/INFO] [TextureCache] [JourneyMap]: Purging Theme Images
[13:33:37] [Render thread/INFO] [TextureCache] [JourneyMap]: Purging Region Images
[13:33:37] [Render thread/INFO] [TextureCache] [JourneyMap]: Purging Mob Icon Images
[13:33:37] [Render thread/INFO] [WaypointHandler] Resetting Waypoints and Groups.
[13:33:37] [Render thread/INFO] [WaypointStore] Loaded 0 waypoints from disk.
[13:33:37] [Render thread/INFO] [WaypointGroupStore] Loaded 4 waypoint groups from disk.
[13:33:37] [Render thread/INFO] [JourneymapClient] Mapping halted in C:\Users\chris\AppData\Roaming\PrismLauncher\instances\A3\minecraft\journeymap\data\mp\offline\minecraft:overworld
[13:33:37] [Render thread/INFO] [JourneymapClient] Mapping halted in C:\Users\chris\AppData\Roaming\PrismLauncher\instances\A3\minecraft\journeymap\data\mp\offline\minecraft:overworld
[13:33:38] [Render thread/INFO] [TextureCache] [JourneyMap]: Purging Theme Images
[13:33:38] [Render thread/INFO] [TextureCache] [JourneyMap]: Purging Region Images
[13:33:38] [Render thread/INFO] [TextureCache] [JourneyMap]: Purging Mob Icon Images
[13:33:38] [Render thread/INFO] [WaypointHandler] Resetting Waypoints and Groups.
[13:33:38] [Render thread/ERROR] [PlayerConnectHandler] Error handling ClientPlayerNetworkEvent.LoggedOutEvent
java.lang.NullPointerException: Cannot invoke "java.io.File.listFiles(java.io.FilenameFilter)" because "waypointDir" is null
	at TRANSFORMER/journeymap@1.21.1-6.0.0-beta.56/journeymap.client.waypoint.ClientWaypointDAO.findExternalDatFiles(ClientWaypointDAO.java:181) ~[journeymap-neoforge-1.21.1-6.0.0-beta.56.jar%23352!/:1.21.1-6.0.0-beta.56]
	at TRANSFORMER/journeymap@1.21.1-6.0.0-beta.56/journeymap.client.waypoint.ClientWaypointDAO.mergeExternalDatFiles(ClientWaypointDAO.java:155) ~[journeymap-neoforge-1.21.1-6.0.0-beta.56.jar%23352!/:1.21.1-6.0.0-beta.56]
	at TRANSFORMER/journeymap@1.21.1-6.0.0-beta.56/journeymap.client.waypoint.ClientWaypointDAO.<init>(ClientWaypointDAO.java:46) ~[journeymap-neoforge-1.21.1-6.0.0-beta.56.jar%23352!/:1.21.1-6.0.0-beta.56]
	at TRANSFORMER/journeymap@1.21.1-6.0.0-beta.56/journeymap.client.waypoint.WaypointHandler.getDao(WaypointHandler.java:34) ~[journeymap-neoforge-1.21.1-6.0.0-beta.56.jar%23352!/:1.21.1-6.0.0-beta.56]
	at TRANSFORMER/journeymap@1.21.1-6.0.0-beta.56/journeymap.common.waypoint.WaypointStore.load(WaypointStore.java:250) ~[journeymap-neoforge-1.21.1-6.0.0-beta.56.jar%23352!/:1.21.1-6.0.0-beta.56]
	at TRANSFORMER/journeymap@1.21.1-6.0.0-beta.56/journeymap.common.waypoint.WaypointStore.reset(WaypointStore.java:235) ~[journeymap-neoforge-1.21.1-6.0.0-beta.56.jar%23352!/:1.21.1-6.0.0-beta.56]
	at TRANSFORMER/journeymap@1.21.1-6.0.0-beta.56/journeymap.client.waypoint.WaypointHandler.reset(WaypointHandler.java:59) ~[journeymap-neoforge-1.21.1-6.0.0-beta.56.jar%23352!/:1.21.1-6.0.0-beta.56]
	at TRANSFORMER/journeymap@1.21.1-6.0.0-beta.56/journeymap.client.event.handlers.PlayerConnectHandler.onDisconnect(PlayerConnectHandler.java:33) [journeymap-neoforge-1.21.1-6.0.0-beta.56.jar%23352!/:1.21.1-6.0.0-beta.56]
	at TRANSFORMER/journeymap@1.21.1-6.0.0-beta.56/journeymap.client.event.NeoForgeLoggedInEvent.onDisconnect(NeoForgeLoggedInEvent.java:27) [journeymap-neoforge-1.21.1-6.0.0-beta.56.jar%23352!/:1.21.1-6.0.0-beta.56]
	at MC-BOOTSTRAP/net.neoforged.bus/net.neoforged.bus.EventBus.post(EventBus.java:360) [bus-8.0.5.jar%23164!/:?]
	at MC-BOOTSTRAP/net.neoforged.bus/net.neoforged.bus.EventBus.post(EventBus.java:328) [bus-8.0.5.jar%23164!/:?]
	at TRANSFORMER/neoforge@21.1.220/net.neoforged.neoforge.client.ClientHooks.firePlayerLogout(ClientHooks.java:727) [neoforge-21.1.220-universal.jar%23294!/:?]
	at TRANSFORMER/minecraft@1.21.1/net.minecraft.client.Minecraft.disconnect(Minecraft.java:2152) [client-1.21.1-20240808.144430-srg.jar%23293!/:?]
	at TRANSFORMER/minecraft@1.21.1/net.minecraft.client.Minecraft.disconnect(Minecraft.java:2127) [client-1.21.1-20240808.144430-srg.jar%23293!/:?]
	at TRANSFORMER/minecraft@1.21.1/net.minecraft.client.Minecraft.destroy(Minecraft.java:1086) [client-1.21.1-20240808.144430-srg.jar%23293!/:?]
	at TRANSFORMER/minecraft@1.21.1/net.minecraft.client.main.Main.main(Main.java:236) [client-1.21.1-20240808.144430-srg.jar%23293!/:?]
	at java.base/jdk.internal.reflect.DirectMethodHandleAccessor.invoke(DirectMethodHandleAccessor.java:104) ~[?:?]
	at java.base/java.lang.reflect.Method.invoke(Method.java:565) ~[?:?]
	at MC-BOOTSTRAP/fml_loader@4.0.42/net.neoforged.fml.loading.targets.CommonLaunchHandler.runTarget(CommonLaunchHandler.java:136) [loader-4.0.42.jar%23161!/:4.0]
	at MC-BOOTSTRAP/fml_loader@4.0.42/net.neoforged.fml.loading.targets.CommonLaunchHandler.clientService(CommonLaunchHandler.java:124) [loader-4.0.42.jar%23161!/:4.0]
	at MC-BOOTSTRAP/fml_loader@4.0.42/net.neoforged.fml.loading.targets.CommonClientLaunchHandler.runService(CommonClientLaunchHandler.java:32) [loader-4.0.42.jar%23161!/:4.0]
	at MC-BOOTSTRAP/fml_loader@4.0.42/net.neoforged.fml.loading.targets.CommonLaunchHandler.lambda$launchService$4(CommonLaunchHandler.java:118) [loader-4.0.42.jar%23161!/:4.0]
	at MC-BOOTSTRAP/cpw.mods.modlauncher@11.0.5/cpw.mods.modlauncher.LaunchServiceHandlerDecorator.launch(LaunchServiceHandlerDecorator.java:30) [modlauncher-11.0.5.jar%23166!/:?]
	at MC-BOOTSTRAP/cpw.mods.modlauncher@11.0.5/cpw.mods.modlauncher.LaunchServiceHandler.launch(LaunchServiceHandler.java:53) [modlauncher-11.0.5.jar%23166!/:?]
	at MC-BOOTSTRAP/cpw.mods.modlauncher@11.0.5/cpw.mods.modlauncher.LaunchServiceHandler.launch(LaunchServiceHandler.java:71) [modlauncher-11.0.5.jar%23166!/:?]
	at MC-BOOTSTRAP/cpw.mods.modlauncher@11.0.5/cpw.mods.modlauncher.Launcher.run(Launcher.java:103) [modlauncher-11.0.5.jar%23166!/:?]
	at MC-BOOTSTRAP/cpw.mods.modlauncher@11.0.5/cpw.mods.modlauncher.Launcher.main(Launcher.java:74) [modlauncher-11.0.5.jar%23166!/:?]
	at MC-BOOTSTRAP/cpw.mods.modlauncher@11.0.5/cpw.mods.modlauncher.BootstrapLaunchConsumer.accept(BootstrapLaunchConsumer.java:26) [modlauncher-11.0.5.jar%23166!/:?]
	at MC-BOOTSTRAP/cpw.mods.modlauncher@11.0.5/cpw.mods.modlauncher.BootstrapLaunchConsumer.accept(BootstrapLaunchConsumer.java:23) [modlauncher-11.0.5.jar%23166!/:?]
	at cpw.mods.bootstraplauncher@2.0.2/cpw.mods.bootstraplauncher.BootstrapLauncher.run(BootstrapLauncher.java:210) [bootstraplauncher-2.0.2.jar:?]
	at cpw.mods.bootstraplauncher@2.0.2/cpw.mods.bootstraplauncher.BootstrapLauncher.main(BootstrapLauncher.java:69) [bootstraplauncher-2.0.2.jar:?]
	at java.base/jdk.internal.reflect.DirectMethodHandleAccessor.invoke(DirectMethodHandleAccessor.java:104) ~[?:?]
	at java.base/java.lang.reflect.Method.invoke(Method.java:565) ~[?:?]
	at io.github.zekerzhayard.forgewrapper.installer.Main.main(Main.java:67) [ForgeWrapper-prism-2025-12-07.jar:prism-2025-12-07]
	at org.prismlauncher.launcher.impl.StandardLauncher.launch(StandardLauncher.java:115) [NewLaunch.jar:?]
	at org.prismlauncher.EntryPoint.listen(EntryPoint.java:129) [NewLaunch.jar:?]
	at org.prismlauncher.EntryPoint.main(EntryPoint.java:70) [NewLaunch.jar:?]
