[24Mar2026 16:40:48.024] [main/INFO] [cpw.mods.modlauncher.Launcher/MODLAUNCHER]: ModLauncher running: args [--username, oolteem8, --version, 1.21.1, --gameDir, C:/Users/chris/AppData/Roaming/PrismLauncher/instances/Pantoxorem/minecraft, --assetsDir, C:/Users/chris/AppData/Roaming/PrismLauncher/assets, --assetIndex, 17, --uuid, 0b85854b37fd41aabb50b49403e11f3e, --accessToken, ❄❄❄❄❄❄❄❄, --userType, msa, --versionType, release, --fml.neoForgeVersion, 21.1.220, --fml.fmlVersion, 4.0.42, --fml.mcVersion, 1.21.1, --fml.neoFormVersion, 20240808.144430, --launchTarget, forgeclient, --width, 854, --height, 480]
[24Mar2026 16:40:48.028] [main/INFO] [cpw.mods.modlauncher.Launcher/MODLAUNCHER]: JVM identified as Microsoft OpenJDK 64-Bit Server VM 21.0.7+6-LTS
[24Mar2026 16:40:48.030] [main/INFO] [cpw.mods.modlauncher.Launcher/MODLAUNCHER]: ModLauncher 11.0.5+main.901c6ea8 starting: java version 21.0.7 by Microsoft; OS Windows 11 arch amd64 version 10.0
[24Mar2026 16:40:48.422] [main/INFO] [net.neoforged.fml.loading.ImmediateWindowHandler/]: Loading ImmediateWindowProvider fmlearlywindow
[24Mar2026 16:40:48.524] [main/INFO] [EARLYDISPLAY/]: Trying GL version 4.6
[24Mar2026 16:40:48.660] [main/INFO] [EARLYDISPLAY/]: Requested GL version 4.6 got version 4.6
[24Mar2026 16:40:48.763] [main/INFO] [mixin/]: SpongePowered MIXIN Subsystem Version=0.8.7 Source=union:/C:/Users/chris/AppData/Roaming/PrismLauncher/libraries/net/fabricmc/sponge-mixin/0.15.2+mixin.0.8.7/sponge-mixin-0.15.2+mixin.0.8.7.jar%23175!/ Service=ModLauncher Env=CLIENT
[24Mar2026 16:40:48.956] [pool-2-thread-1/INFO] [EARLYDISPLAY/]: GL info: Radeon RX 5500 GL version 4.6.0 Core Profile Context 26.3.1.260303, ATI Technologies Inc.
[24Mar2026 16:40:49.021] [main/INFO] [net.neoforged.fml.loading.moddiscovery.ModDiscoverer/SCAN]: Found mod file "client-1.21.1-20240808.144430-srg.jar" [locator: production client provider +net.neoforged:neoforge:21.1.220:client]
[24Mar2026 16:40:49.101] [main/INFO] [net.neoforged.fml.loading.moddiscovery.ModDiscoverer/SCAN]: Found mod file "neoforge-21.1.220-universal.jar" [locator: PathBasedLocator[name=neoforge, paths=[C:\Users\chris\AppData\Roaming\PrismLauncher\libraries\net\neoforged\neoforge\21.1.220\neoforge-21.1.220-universal.jar]], reader: mod manifest]
[24Mar2026 16:40:49.114] [main/INFO] [net.neoforged.fml.loading.moddiscovery.ModDiscoverer/SCAN]: Found mod file "AdvancementPlaques-1.21.1-neoforge-1.6.8.jar" [locator: {mods folder locator at C:\Users\chris\AppData\Roaming\PrismLauncher\instances\Pantoxorem\minecraft\mods}, reader: mod manifest]
[24Mar2026 16:40:49.129] [main/INFO] [net.neoforged.fml.loading.moddiscovery.ModDiscoverer/SCAN]: Found mod file "AI-Improvements-1.21-0.5.3.jar" [locator: {mods folder locator at C:\Users\chris\AppData\Roaming\PrismLauncher\instances\Pantoxorem\minecraft\mods}, reader: mod manifest]
[24Mar2026 16:40:49.136] [main/INFO] [net.neoforged.fml.loading.moddiscovery.ModDiscoverer/SCAN]: Found mod file "alternate_current-mc1.21-1.9.0.jar" [locator: {mods folder locator at C:\Users\chris\AppData\Roaming\PrismLauncher\instances\Pantoxorem\minecraft\mods}, reader: mod manifest]
[24Mar2026 16:40:49.142] [main/INFO] [net.neoforged.fml.loading.moddiscovery.ModDiscoverer/SCAN]: Found mod file "AmbientSounds_NEOFORGE_v6.3.3_mc1.21.1.jar" [locator: {mods folder locator at C:\Users\chris\AppData\Roaming\PrismLauncher\instances\Pantoxorem\minecraft\mods}, reader: mod manifest]
[24Mar2026 16:40:49.148] [main/INFO] [net.neoforged.fml.loading.moddiscovery.ModDiscoverer/SCAN]: Found mod file "appleskin-neoforge-mc1.21-3.0.8.jar" [locator: {mods folder locator at C:\Users\chris\AppData\Roaming\PrismLauncher\instances\Pantoxorem\minecraft\mods}, reader: mod manifest]
[24Mar2026 16:40:49.155] [main/INFO] [net.neoforged.fml.loading.moddiscovery.ModDiscoverer/SCAN]: Found mod file "architectury-13.0.8-neoforge.jar" [locator: {mods folder locator at C:\Users\chris\AppData\Roaming\PrismLauncher\instances\Pantoxorem\minecraft\mods}, reader: mod manifest]
[24Mar2026 16:40:49.161] [main/INFO] [net.neoforged.fml.loading.moddiscovery.ModDiscoverer/SCAN]: Found mod file "attributefix-neoforge-1.21.1-21.1.3.jar" [locator: {mods folder locator at C:\Users\chris\AppData\Roaming\PrismLauncher\instances\Pantoxorem\minecraft\mods}, reader: mod manifest]
[24Mar2026 16:40:49.168] [main/INFO] [net.neoforged.fml.loading.moddiscovery.ModDiscoverer/SCAN]: Found mod file "balm-neoforge-1.21.1-21.0.56.jar" [locator: {mods folder locator at C:\Users\chris\AppData\Roaming\PrismLauncher\instances\Pantoxorem\minecraft\mods}, reader: mod manifest]
[24Mar2026 16:40:49.175] [main/INFO] [net.neoforged.fml.loading.moddiscovery.ModDiscoverer/SCAN]: Found mod file "betterbiomeblend-1.5.2.jar" [locator: {mods folder locator at C:\Users\chris\AppData\Roaming\PrismLauncher\instances\Pantoxorem\minecraft\mods}, reader: mod manifest]
[24Mar2026 16:40:49.182] [main/INFO] [net.neoforged.fml.loading.moddiscovery.ModDiscoverer/SCAN]: Found mod file "bettercombat-neoforge-2.3.2+1.21.1.jar" [locator: {mods folder locator at C:\Users\chris\AppData\Roaming\PrismLauncher\instances\Pantoxorem\minecraft\mods}, reader: mod manifest]
[24Mar2026 16:40:49.189] [main/INFO] [net.neoforged.fml.loading.moddiscovery.ModDiscoverer/SCAN]: Found mod file "BetterF3-11.0.3-NeoForge-1.21.1.jar" [locator: {mods folder locator at C:\Users\chris\AppData\Roaming\PrismLauncher\instances\Pantoxorem\minecraft\mods}, reader: mod manifest]
[24Mar2026 16:40:49.195] [main/INFO] [net.neoforged.fml.loading.moddiscovery.ModDiscoverer/SCAN]: Found mod file "blur-neoforge-6.2.0+1.21.1.jar" [locator: {mods folder locator at C:\Users\chris\AppData\Roaming\PrismLauncher\instances\Pantoxorem\minecraft\mods}, reader: mod manifest]
[24Mar2026 16:40:49.202] [main/INFO] [net.neoforged.fml.loading.moddiscovery.ModDiscoverer/SCAN]: Found mod file "bookshelf-neoforge-1.21.1-21.1.81.jar" [locator: {mods folder locator at C:\Users\chris\AppData\Roaming\PrismLauncher\instances\Pantoxorem\minecraft\mods}, reader: mod manifest]
[24Mar2026 16:40:49.208] [main/INFO] [net.neoforged.fml.loading.moddiscovery.ModDiscoverer/SCAN]: Found mod file "c2me-neoforge-mc1.21.1-0.3.0+alpha.0.90.jar" [locator: {mods folder locator at C:\Users\chris\AppData\Roaming\PrismLauncher\instances\Pantoxorem\minecraft\mods}, reader: mod manifest]
[24Mar2026 16:40:49.214] [main/INFO] [net.neoforged.fml.loading.moddiscovery.ModDiscoverer/SCAN]: Found mod file "CameraOverhaul-v2.0.6-neoforge+mc[1.21.0-1.21.1].jar" [locator: {mods folder locator at C:\Users\chris\AppData\Roaming\PrismLauncher\instances\Pantoxorem\minecraft\mods}, reader: mod manifest]
[24Mar2026 16:40:49.221] [main/INFO] [net.neoforged.fml.loading.moddiscovery.ModDiscoverer/SCAN]: Found mod file "cleanswing-1.9.jar" [locator: {mods folder locator at C:\Users\chris\AppData\Roaming\PrismLauncher\instances\Pantoxorem\minecraft\mods}, reader: mod manifest]
[24Mar2026 16:40:49.227] [main/INFO] [net.neoforged.fml.loading.moddiscovery.ModDiscoverer/SCAN]: Found mod file "cloth-config-15.0.140-neoforge.jar" [locator: {mods folder locator at C:\Users\chris\AppData\Roaming\PrismLauncher\instances\Pantoxorem\minecraft\mods}, reader: mod manifest]
[24Mar2026 16:40:49.234] [main/INFO] [net.neoforged.fml.loading.moddiscovery.ModDiscoverer/SCAN]: Found mod file "connectivity-1.21.1-7.6.jar" [locator: {mods folder locator at C:\Users\chris\AppData\Roaming\PrismLauncher\instances\Pantoxorem\minecraft\mods}, reader: mod manifest]
[24Mar2026 16:40:49.239] [main/INFO] [net.neoforged.fml.loading.moddiscovery.ModDiscoverer/SCAN]: Found mod file "Controlling-neoforge-1.21.1-19.0.5.jar" [locator: {mods folder locator at C:\Users\chris\AppData\Roaming\PrismLauncher\instances\Pantoxorem\minecraft\mods}, reader: mod manifest]
[24Mar2026 16:40:49.246] [main/INFO] [net.neoforged.fml.loading.moddiscovery.ModDiscoverer/SCAN]: Found mod file "coolrain-1.21.1-NeoForge-1.0.1.jar" [locator: {mods folder locator at C:\Users\chris\AppData\Roaming\PrismLauncher\instances\Pantoxorem\minecraft\mods}, reader: mod manifest]
[24Mar2026 16:40:49.252] [main/INFO] [net.neoforged.fml.loading.moddiscovery.ModDiscoverer/SCAN]: Found mod file "cosmeticarmorreworked-1.21.1-v1-neoforge.jar" [locator: {mods folder locator at C:\Users\chris\AppData\Roaming\PrismLauncher\instances\Pantoxorem\minecraft\mods}, reader: mod manifest]
[24Mar2026 16:40:49.259] [main/INFO] [net.neoforged.fml.loading.moddiscovery.ModDiscoverer/SCAN]: Found mod file "craftingtweaks-neoforge-1.21.1-21.1.7.jar" [locator: {mods folder locator at C:\Users\chris\AppData\Roaming\PrismLauncher\instances\Pantoxorem\minecraft\mods}, reader: mod manifest]
[24Mar2026 16:40:49.264] [main/INFO] [net.neoforged.fml.loading.moddiscovery.ModDiscoverer/SCAN]: Found mod file "CreativeCore_NEOFORGE_v2.13.35_mc1.21.1.jar" [locator: {mods folder locator at C:\Users\chris\AppData\Roaming\PrismLauncher\instances\Pantoxorem\minecraft\mods}, reader: mod manifest]
[24Mar2026 16:40:49.270] [main/INFO] [net.neoforged.fml.loading.moddiscovery.ModDiscoverer/SCAN]: Found mod file "cupboard-1.21-3.5.jar" [locator: {mods folder locator at C:\Users\chris\AppData\Roaming\PrismLauncher\instances\Pantoxorem\minecraft\mods}, reader: mod manifest]
[24Mar2026 16:40:49.275] [main/INFO] [net.neoforged.fml.loading.moddiscovery.ModDiscoverer/SCAN]: Found mod file "curios-neoforge-9.5.1+1.21.1.jar" [locator: {mods folder locator at C:\Users\chris\AppData\Roaming\PrismLauncher\instances\Pantoxorem\minecraft\mods}, reader: mod manifest]
[24Mar2026 16:40:49.281] [main/INFO] [net.neoforged.fml.loading.moddiscovery.ModDiscoverer/SCAN]: Found mod file "DistantHorizons-2.4.5-b-1.21.1-fabric-neoforge.jar" [locator: {mods folder locator at C:\Users\chris\AppData\Roaming\PrismLauncher\instances\Pantoxorem\minecraft\mods}, reader: mod manifest]
[24Mar2026 16:40:49.287] [main/INFO] [net.neoforged.fml.loading.moddiscovery.ModDiscoverer/SCAN]: Found mod file "EasyAnvils-v21.1.0-1.21.1-NeoForge.jar" [locator: {mods folder locator at C:\Users\chris\AppData\Roaming\PrismLauncher\instances\Pantoxorem\minecraft\mods}, reader: mod manifest]
[24Mar2026 16:40:49.292] [main/INFO] [net.neoforged.fml.loading.moddiscovery.ModDiscoverer/SCAN]: Found mod file "EasyMagic-v21.1.4-1.21.1-NeoForge.jar" [locator: {mods folder locator at C:\Users\chris\AppData\Roaming\PrismLauncher\instances\Pantoxorem\minecraft\mods}, reader: mod manifest]
[24Mar2026 16:40:49.298] [main/INFO] [net.neoforged.fml.loading.moddiscovery.ModDiscoverer/SCAN]: Found mod file "eatinganimation-1.21.0-6.0.1.jar" [locator: {mods folder locator at C:\Users\chris\AppData\Roaming\PrismLauncher\instances\Pantoxorem\minecraft\mods}, reader: mod manifest]
[24Mar2026 16:40:49.304] [main/INFO] [net.neoforged.fml.loading.moddiscovery.ModDiscoverer/SCAN]: Found mod file "eco_stack_manager-neoforge-1.21.1-1.4.1.jar" [locator: {mods folder locator at C:\Users\chris\AppData\Roaming\PrismLauncher\instances\Pantoxorem\minecraft\mods}, reader: mod manifest]
[24Mar2026 16:40:49.309] [main/INFO] [net.neoforged.fml.loading.moddiscovery.ModDiscoverer/SCAN]: Found mod file "emi-1.1.22+1.21.1+neoforge.jar" [locator: {mods folder locator at C:\Users\chris\AppData\Roaming\PrismLauncher\instances\Pantoxorem\minecraft\mods}, reader: mod manifest]
[24Mar2026 16:40:49.315] [main/INFO] [net.neoforged.fml.loading.moddiscovery.ModDiscoverer/SCAN]: Found mod file "EnhancedVisuals_NEOFORGE_v1.8.27_mc1.21.1.jar" [locator: {mods folder locator at C:\Users\chris\AppData\Roaming\PrismLauncher\instances\Pantoxorem\minecraft\mods}, reader: mod manifest]
[24Mar2026 16:40:49.320] [main/INFO] [net.neoforged.fml.loading.moddiscovery.ModDiscoverer/SCAN]: Found mod file "entityculling-neoforge-1.9.5-mc1.21.1.jar" [locator: {mods folder locator at C:\Users\chris\AppData\Roaming\PrismLauncher\instances\Pantoxorem\minecraft\mods}, reader: mod manifest]
[24Mar2026 16:40:49.325] [main/INFO] [net.neoforged.fml.loading.moddiscovery.ModDiscoverer/SCAN]: Found mod file "EquipmentCompare-1.21.1-neoforge-1.3.13.jar" [locator: {mods folder locator at C:\Users\chris\AppData\Roaming\PrismLauncher\instances\Pantoxorem\minecraft\mods}, reader: mod manifest]
[24Mar2026 16:40:49.329] [main/INFO] [net.neoforged.fml.loading.moddiscovery.ModDiscoverer/SCAN]: Found mod file "fast-ip-ping-v1.0.8-mc1.21.1-neoforge.jar" [locator: {mods folder locator at C:\Users\chris\AppData\Roaming\PrismLauncher\instances\Pantoxorem\minecraft\mods}, reader: mod manifest]
[24Mar2026 16:40:49.335] [main/INFO] [net.neoforged.fml.loading.moddiscovery.ModDiscoverer/SCAN]: Found mod file "FastFurnace-1.21.1-9.0.1.jar" [locator: {mods folder locator at C:\Users\chris\AppData\Roaming\PrismLauncher\instances\Pantoxorem\minecraft\mods}, reader: mod manifest]
[24Mar2026 16:40:49.340] [main/INFO] [net.neoforged.fml.loading.moddiscovery.ModDiscoverer/SCAN]: Found mod file "fastleafdecay-35.jar" [locator: {mods folder locator at C:\Users\chris\AppData\Roaming\PrismLauncher\instances\Pantoxorem\minecraft\mods}, reader: mod manifest]
[24Mar2026 16:40:49.345] [main/INFO] [net.neoforged.fml.loading.moddiscovery.ModDiscoverer/SCAN]: Found mod file "FastSuite-1.21.1-6.0.7.jar" [locator: {mods folder locator at C:\Users\chris\AppData\Roaming\PrismLauncher\instances\Pantoxorem\minecraft\mods}, reader: mod manifest]
[24Mar2026 16:40:49.352] [main/INFO] [net.neoforged.fml.loading.moddiscovery.ModDiscoverer/SCAN]: Found mod file "FastWorkbench-1.21.1-9.1.3.jar" [locator: {mods folder locator at C:\Users\chris\AppData\Roaming\PrismLauncher\instances\Pantoxorem\minecraft\mods}, reader: mod manifest]
[24Mar2026 16:40:49.361] [main/INFO] [net.neoforged.fml.loading.moddiscovery.ModDiscoverer/SCAN]: Found mod file "ferritecore-7.0.3-neoforge.jar" [locator: {mods folder locator at C:\Users\chris\AppData\Roaming\PrismLauncher\instances\Pantoxorem\minecraft\mods}, reader: mod manifest]
[24Mar2026 16:40:49.367] [main/INFO] [net.neoforged.fml.loading.moddiscovery.ModDiscoverer/SCAN]: Found mod file "firstperson-neoforge-2.6.3-mc1.21.1.jar" [locator: {mods folder locator at C:\Users\chris\AppData\Roaming\PrismLauncher\instances\Pantoxorem\minecraft\mods}, reader: mod manifest]
[24Mar2026 16:40:49.374] [main/INFO] [net.neoforged.fml.loading.moddiscovery.ModDiscoverer/SCAN]: Found mod file "ForgeConfigAPIPort-v21.1.2-1.21.1-NeoForge.jar" [locator: {mods folder locator at C:\Users\chris\AppData\Roaming\PrismLauncher\instances\Pantoxorem\minecraft\mods}, reader: mod manifest]
[24Mar2026 16:40:49.381] [main/INFO] [net.neoforged.fml.loading.moddiscovery.ModDiscoverer/SCAN]: Found mod file "fzzy_config-0.7.6+1.21+neoforge.jar" [locator: {mods folder locator at C:\Users\chris\AppData\Roaming\PrismLauncher\instances\Pantoxorem\minecraft\mods}, reader: mod manifest]
[24Mar2026 16:40:49.386] [main/INFO] [net.neoforged.fml.loading.moddiscovery.ModDiscoverer/SCAN]: Found mod file "gml-6.0.2.jar" [locator: {mods folder locator at C:\Users\chris\AppData\Roaming\PrismLauncher\instances\Pantoxorem\minecraft\mods}, reader: mod manifest]
[24Mar2026 16:40:49.392] [main/INFO] [net.neoforged.fml.loading.moddiscovery.ModDiscoverer/SCAN]: Found mod file "gpumemleakfix-1.21-1.8.jar" [locator: {mods folder locator at C:\Users\chris\AppData\Roaming\PrismLauncher\instances\Pantoxorem\minecraft\mods}, reader: mod manifest]
[24Mar2026 16:40:49.397] [main/INFO] [net.neoforged.fml.loading.moddiscovery.ModDiscoverer/SCAN]: Found mod file "Highlighter-1.21-neoforge-1.1.11.jar" [locator: {mods folder locator at C:\Users\chris\AppData\Roaming\PrismLauncher\instances\Pantoxorem\minecraft\mods}, reader: mod manifest]
[24Mar2026 16:40:49.403] [main/INFO] [net.neoforged.fml.loading.moddiscovery.ModDiscoverer/SCAN]: Found mod file "Iceberg-1.21.1-neoforge-1.3.2.jar" [locator: {mods folder locator at C:\Users\chris\AppData\Roaming\PrismLauncher\instances\Pantoxorem\minecraft\mods}, reader: mod manifest]
[24Mar2026 16:40:49.409] [main/INFO] [net.neoforged.fml.loading.moddiscovery.ModDiscoverer/SCAN]: Found mod file "ImmediatelyFast-NeoForge-1.6.10+1.21.1.jar" [locator: {mods folder locator at C:\Users\chris\AppData\Roaming\PrismLauncher\instances\Pantoxorem\minecraft\mods}, reader: mod manifest]
[24Mar2026 16:40:49.416] [main/INFO] [net.neoforged.fml.loading.moddiscovery.ModDiscoverer/SCAN]: Found mod file "immersivethunder-neoforge-1.21.1-1.3.0.jar" [locator: {mods folder locator at C:\Users\chris\AppData\Roaming\PrismLauncher\instances\Pantoxorem\minecraft\mods}, reader: mod manifest]
[24Mar2026 16:40:49.422] [main/INFO] [net.neoforged.fml.loading.moddiscovery.ModDiscoverer/SCAN]: Found mod file "ImmersiveUI-NEOFORGE-0.3.3+1.21.1.jar" [locator: {mods folder locator at C:\Users\chris\AppData\Roaming\PrismLauncher\instances\Pantoxorem\minecraft\mods}, reader: mod manifest]
[24Mar2026 16:40:49.427] [main/INFO] [net.neoforged.fml.loading.moddiscovery.ModDiscoverer/SCAN]: Found mod file "incontrol-1.21-10.2.6.jar" [locator: {mods folder locator at C:\Users\chris\AppData\Roaming\PrismLauncher\instances\Pantoxorem\minecraft\mods}, reader: mod manifest]
[24Mar2026 16:40:49.433] [main/INFO] [net.neoforged.fml.loading.moddiscovery.ModDiscoverer/SCAN]: Found mod file "Inventory Management Deluxe-1.21.1-NeoForge-1.0.3.jar" [locator: {mods folder locator at C:\Users\chris\AppData\Roaming\PrismLauncher\instances\Pantoxorem\minecraft\mods}, reader: mod manifest]
[24Mar2026 16:40:49.439] [main/INFO] [net.neoforged.fml.loading.moddiscovery.ModDiscoverer/SCAN]: Found mod file "InvMove-0.9.3+1.21.1-NeoForge.jar" [locator: {mods folder locator at C:\Users\chris\AppData\Roaming\PrismLauncher\instances\Pantoxorem\minecraft\mods}, reader: mod manifest]
[24Mar2026 16:40:49.444] [main/INFO] [net.neoforged.fml.loading.moddiscovery.ModDiscoverer/SCAN]: Found mod file "InvMoveCompats-0.5.0+1.21.8-NeoForge.jar" [locator: {mods folder locator at C:\Users\chris\AppData\Roaming\PrismLauncher\instances\Pantoxorem\minecraft\mods}, reader: mod manifest]
[24Mar2026 16:40:49.451] [main/INFO] [net.neoforged.fml.loading.moddiscovery.ModDiscoverer/SCAN]: Found mod file "iris-neoforge-1.8.12+mc1.21.1.jar" [locator: {mods folder locator at C:\Users\chris\AppData\Roaming\PrismLauncher\instances\Pantoxorem\minecraft\mods}, reader: mod manifest]
[24Mar2026 16:40:49.456] [main/INFO] [net.neoforged.fml.loading.moddiscovery.ModDiscoverer/SCAN]: Found mod file "ItemPhysicLite_NEOFORGE_v1.6.8_mc1.21.1.jar" [locator: {mods folder locator at C:\Users\chris\AppData\Roaming\PrismLauncher\instances\Pantoxorem\minecraft\mods}, reader: mod manifest]
[24Mar2026 16:40:49.462] [main/INFO] [net.neoforged.fml.loading.moddiscovery.ModDiscoverer/SCAN]: Found mod file "Jade-1.21.1-NeoForge-15.10.5.jar" [locator: {mods folder locator at C:\Users\chris\AppData\Roaming\PrismLauncher\instances\Pantoxorem\minecraft\mods}, reader: mod manifest]
[24Mar2026 16:40:49.468] [main/INFO] [net.neoforged.fml.loading.moddiscovery.ModDiscoverer/SCAN]: Found mod file "jei-1.21.1-neoforge-19.27.0.340.jar" [locator: {mods folder locator at C:\Users\chris\AppData\Roaming\PrismLauncher\instances\Pantoxorem\minecraft\mods}, reader: mod manifest]
[24Mar2026 16:40:49.474] [main/INFO] [net.neoforged.fml.loading.moddiscovery.ModDiscoverer/SCAN]: Found mod file "journeymap-neoforge-1.21.1-6.0.0-beta.56.jar" [locator: {mods folder locator at C:\Users\chris\AppData\Roaming\PrismLauncher\instances\Pantoxorem\minecraft\mods}, reader: mod manifest]
[24Mar2026 16:40:49.480] [main/INFO] [net.neoforged.fml.loading.moddiscovery.ModDiscoverer/SCAN]: Found library file "kotlinforforge-5.11.0-all.jar" [locator: {mods folder locator at C:\Users\chris\AppData\Roaming\PrismLauncher\instances\Pantoxorem\minecraft\mods}, reader: mod manifest]
[24Mar2026 16:40:49.486] [main/INFO] [net.neoforged.fml.loading.moddiscovery.ModDiscoverer/SCAN]: Found mod file "krypton_fnp-neoforge-1.21.1-0.2.28.1-1.21.1.jar" [locator: {mods folder locator at C:\Users\chris\AppData\Roaming\PrismLauncher\instances\Pantoxorem\minecraft\mods}, reader: mod manifest]
[24Mar2026 16:40:49.492] [main/INFO] [net.neoforged.fml.loading.moddiscovery.ModDiscoverer/SCAN]: Found mod file "lithium-neoforge-0.15.3+mc1.21.1.jar" [locator: {mods folder locator at C:\Users\chris\AppData\Roaming\PrismLauncher\instances\Pantoxorem\minecraft\mods}, reader: mod manifest]
[24Mar2026 16:40:49.498] [main/INFO] [net.neoforged.fml.loading.moddiscovery.ModDiscoverer/SCAN]: Found mod file "lootr-neoforge-1.21.1-1.11.37.118.jar" [locator: {mods folder locator at C:\Users\chris\AppData\Roaming\PrismLauncher\instances\Pantoxorem\minecraft\mods}, reader: mod manifest]
[24Mar2026 16:40:49.504] [main/INFO] [net.neoforged.fml.loading.moddiscovery.ModDiscoverer/SCAN]: Found mod file "MapFrontiers-1.21.1-2.7.0-beta.18-neoforge.jar" [locator: {mods folder locator at C:\Users\chris\AppData\Roaming\PrismLauncher\instances\Pantoxorem\minecraft\mods}, reader: mod manifest]
[24Mar2026 16:40:49.509] [main/INFO] [net.neoforged.fml.loading.moddiscovery.ModDiscoverer/SCAN]: Found mod file "midnightlib-neoforge-1.9.2+1.21.1.jar" [locator: {mods folder locator at C:\Users\chris\AppData\Roaming\PrismLauncher\instances\Pantoxorem\minecraft\mods}, reader: mod manifest]
[24Mar2026 16:40:49.515] [main/INFO] [net.neoforged.fml.loading.moddiscovery.ModDiscoverer/SCAN]: Found mod file "modernfix-neoforge-5.26.1+mc1.21.1.jar" [locator: {mods folder locator at C:\Users\chris\AppData\Roaming\PrismLauncher\instances\Pantoxorem\minecraft\mods}, reader: mod manifest]
[24Mar2026 16:40:49.521] [main/INFO] [net.neoforged.fml.loading.moddiscovery.ModDiscoverer/SCAN]: Found mod file "moreculling-neoforge-1.21.1-1.0.7.jar" [locator: {mods folder locator at C:\Users\chris\AppData\Roaming\PrismLauncher\instances\Pantoxorem\minecraft\mods}, reader: mod manifest]
[24Mar2026 16:40:49.526] [main/INFO] [net.neoforged.fml.loading.moddiscovery.ModDiscoverer/SCAN]: Found mod file "MouseTweaks-neoforge-mc1.21-2.26.1.jar" [locator: {mods folder locator at C:\Users\chris\AppData\Roaming\PrismLauncher\instances\Pantoxorem\minecraft\mods}, reader: mod manifest]
[24Mar2026 16:40:49.531] [main/INFO] [net.neoforged.fml.loading.moddiscovery.ModDiscoverer/SCAN]: Found mod file "mru-1.0.19+LTS+1.21.1+neoforge.jar" [locator: {mods folder locator at C:\Users\chris\AppData\Roaming\PrismLauncher\instances\Pantoxorem\minecraft\mods}, reader: mod manifest]
[24Mar2026 16:40:49.537] [main/INFO] [net.neoforged.fml.loading.moddiscovery.ModDiscoverer/SCAN]: Found mod file "noisium-neoforge-2.7.0+mc1.21-1.21.1.jar" [locator: {mods folder locator at C:\Users\chris\AppData\Roaming\PrismLauncher\instances\Pantoxorem\minecraft\mods}, reader: mod manifest]
[24Mar2026 16:40:49.542] [main/INFO] [net.neoforged.fml.loading.moddiscovery.ModDiscoverer/SCAN]: Found mod file "notenoughanimations-neoforge-1.11.3-mc1.21.1.jar" [locator: {mods folder locator at C:\Users\chris\AppData\Roaming\PrismLauncher\instances\Pantoxorem\minecraft\mods}, reader: mod manifest]
[24Mar2026 16:40:49.547] [main/INFO] [net.neoforged.fml.loading.moddiscovery.ModDiscoverer/SCAN]: Found mod file "observable-5.4.4.jar" [locator: {mods folder locator at C:\Users\chris\AppData\Roaming\PrismLauncher\instances\Pantoxorem\minecraft\mods}, reader: mod manifest]
[24Mar2026 16:40:49.553] [main/INFO] [net.neoforged.fml.loading.moddiscovery.ModDiscoverer/SCAN]: Found mod file "OctoLib-NEOFORGE-0.6.1+1.21.jar" [locator: {mods folder locator at C:\Users\chris\AppData\Roaming\PrismLauncher\instances\Pantoxorem\minecraft\mods}, reader: mod manifest]
[24Mar2026 16:40:49.558] [main/INFO] [net.neoforged.fml.loading.moddiscovery.ModDiscoverer/SCAN]: Found mod file "OverflowingBars-v21.1.1-1.21.1-NeoForge.jar" [locator: {mods folder locator at C:\Users\chris\AppData\Roaming\PrismLauncher\instances\Pantoxorem\minecraft\mods}, reader: mod manifest]
[24Mar2026 16:40:49.564] [main/INFO] [net.neoforged.fml.loading.moddiscovery.ModDiscoverer/SCAN]: Found mod file "particular-1.21.1-NeoForge-1.1.7.jar" [locator: {mods folder locator at C:\Users\chris\AppData\Roaming\PrismLauncher\instances\Pantoxorem\minecraft\mods}, reader: mod manifest]
[24Mar2026 16:40:49.569] [main/INFO] [net.neoforged.fml.loading.moddiscovery.ModDiscoverer/SCAN]: Found mod file "Placebo-1.21.1-9.9.1.jar" [locator: {mods folder locator at C:\Users\chris\AppData\Roaming\PrismLauncher\instances\Pantoxorem\minecraft\mods}, reader: mod manifest]
[24Mar2026 16:40:49.574] [main/INFO] [net.neoforged.fml.loading.moddiscovery.ModDiscoverer/SCAN]: Found mod file "player-animation-lib-forge-2.0.4+1.21.1.jar" [locator: {mods folder locator at C:\Users\chris\AppData\Roaming\PrismLauncher\instances\Pantoxorem\minecraft\mods}, reader: mod manifest]
[24Mar2026 16:40:49.580] [main/INFO] [net.neoforged.fml.loading.moddiscovery.ModDiscoverer/SCAN]: Found mod file "polymorph-neoforge-1.1.0+1.21.1.jar" [locator: {mods folder locator at C:\Users\chris\AppData\Roaming\PrismLauncher\instances\Pantoxorem\minecraft\mods}, reader: mod manifest]
[24Mar2026 16:40:49.586] [main/INFO] [net.neoforged.fml.loading.moddiscovery.ModDiscoverer/SCAN]: Found mod file "Presence Footsteps [NEOFORGE]+1.21-1.1.0.jar" [locator: {mods folder locator at C:\Users\chris\AppData\Roaming\PrismLauncher\instances\Pantoxorem\minecraft\mods}, reader: mod manifest]
[24Mar2026 16:40:49.591] [main/INFO] [net.neoforged.fml.loading.moddiscovery.ModDiscoverer/SCAN]: Found mod file "prickle-neoforge-1.21.1-21.1.11.jar" [locator: {mods folder locator at C:\Users\chris\AppData\Roaming\PrismLauncher\instances\Pantoxorem\minecraft\mods}, reader: mod manifest]
[24Mar2026 16:40:49.597] [main/INFO] [net.neoforged.fml.loading.moddiscovery.ModDiscoverer/SCAN]: Found mod file "PuzzlesLib-v21.1.39-1.21.1-NeoForge.jar" [locator: {mods folder locator at C:\Users\chris\AppData\Roaming\PrismLauncher\instances\Pantoxorem\minecraft\mods}, reader: mod manifest]
[24Mar2026 16:40:49.603] [main/INFO] [net.neoforged.fml.loading.moddiscovery.ModDiscoverer/SCAN]: Found mod file "raised-neoforge-1.21.1-5.1.2.jar" [locator: {mods folder locator at C:\Users\chris\AppData\Roaming\PrismLauncher\instances\Pantoxorem\minecraft\mods}, reader: mod manifest]
[24Mar2026 16:40:49.608] [main/INFO] [net.neoforged.fml.loading.moddiscovery.ModDiscoverer/SCAN]: Found mod file "reeses-sodium-options-neoforge-1.8.3+mc1.21.4.jar" [locator: {mods folder locator at C:\Users\chris\AppData\Roaming\PrismLauncher\instances\Pantoxorem\minecraft\mods}, reader: mod manifest]
[24Mar2026 16:40:49.614] [main/INFO] [net.neoforged.fml.loading.moddiscovery.ModDiscoverer/SCAN]: Found mod file "saturn-mc1.21.1-0.1.5.jar" [locator: {mods folder locator at C:\Users\chris\AppData\Roaming\PrismLauncher\instances\Pantoxorem\minecraft\mods}, reader: mod manifest]
[24Mar2026 16:40:49.619] [main/INFO] [net.neoforged.fml.loading.moddiscovery.ModDiscoverer/SCAN]: Found mod file "ScalableLux-0.1.0.1+neoforge.1cb1e91-all.jar" [locator: {mods folder locator at C:\Users\chris\AppData\Roaming\PrismLauncher\instances\Pantoxorem\minecraft\mods}, reader: mod manifest]
[24Mar2026 16:40:49.624] [main/INFO] [net.neoforged.fml.loading.moddiscovery.ModDiscoverer/SCAN]: Found mod file "Searchables-neoforge-1.21.1-1.0.2.jar" [locator: {mods folder locator at C:\Users\chris\AppData\Roaming\PrismLauncher\instances\Pantoxorem\minecraft\mods}, reader: mod manifest]
[24Mar2026 16:40:49.630] [main/INFO] [net.neoforged.fml.loading.moddiscovery.ModDiscoverer/SCAN]: Found mod file "ShoulderSurfing-NeoForge-1.21.1-4.22.1.jar" [locator: {mods folder locator at C:\Users\chris\AppData\Roaming\PrismLauncher\instances\Pantoxorem\minecraft\mods}, reader: mod manifest]
[24Mar2026 16:40:49.635] [main/INFO] [net.neoforged.fml.loading.moddiscovery.ModDiscoverer/SCAN]: Found mod file "smoothchunk-1.21-4.1.jar" [locator: {mods folder locator at C:\Users\chris\AppData\Roaming\PrismLauncher\instances\Pantoxorem\minecraft\mods}, reader: mod manifest]
[24Mar2026 16:40:49.641] [main/INFO] [net.neoforged.fml.loading.moddiscovery.ModDiscoverer/SCAN]: Found mod file "smoothmovement-1.21.1-2.7.jar" [locator: {mods folder locator at C:\Users\chris\AppData\Roaming\PrismLauncher\instances\Pantoxorem\minecraft\mods}, reader: mod manifest]
[24Mar2026 16:40:49.647] [main/INFO] [net.neoforged.fml.loading.moddiscovery.ModDiscoverer/SCAN]: Found mod file "smoothscrolling-1.21.1-NeoForge-1.0.1.jar" [locator: {mods folder locator at C:\Users\chris\AppData\Roaming\PrismLauncher\instances\Pantoxorem\minecraft\mods}, reader: mod manifest]
[24Mar2026 16:40:49.653] [main/INFO] [net.neoforged.fml.loading.moddiscovery.ModDiscoverer/SCAN]: Found mod file "sodium-neoforge-0.6.13+mc1.21.1.jar" [locator: {mods folder locator at C:\Users\chris\AppData\Roaming\PrismLauncher\instances\Pantoxorem\minecraft\mods}, reader: mod manifest]
[24Mar2026 16:40:49.658] [main/INFO] [net.neoforged.fml.loading.moddiscovery.ModDiscoverer/SCAN]: Found mod file "sound-physics-remastered-neoforge-1.21.1-1.5.1.jar" [locator: {mods folder locator at C:\Users\chris\AppData\Roaming\PrismLauncher\instances\Pantoxorem\minecraft\mods}, reader: mod manifest]
[24Mar2026 16:40:49.664] [main/INFO] [net.neoforged.fml.loading.moddiscovery.ModDiscoverer/SCAN]: Found mod file "sounds-2.4.22+lts+1.21.1-neoforge.jar" [locator: {mods folder locator at C:\Users\chris\AppData\Roaming\PrismLauncher\instances\Pantoxorem\minecraft\mods}, reader: mod manifest]
[24Mar2026 16:40:49.670] [main/INFO] [net.neoforged.fml.loading.moddiscovery.ModDiscoverer/SCAN]: Found mod file "spark-1.10.124-neoforge.jar" [locator: {mods folder locator at C:\Users\chris\AppData\Roaming\PrismLauncher\instances\Pantoxorem\minecraft\mods}, reader: mod manifest]
[24Mar2026 16:40:49.675] [main/INFO] [net.neoforged.fml.loading.moddiscovery.ModDiscoverer/SCAN]: Found mod file "sparsestructures-neoforge-1.21.1-3.0.jar" [locator: {mods folder locator at C:\Users\chris\AppData\Roaming\PrismLauncher\instances\Pantoxorem\minecraft\mods}, reader: mod manifest]
[24Mar2026 16:40:49.681] [main/INFO] [net.neoforged.fml.loading.moddiscovery.ModDiscoverer/SCAN]: Found mod file "spawn-animations-compats-14.0.jar" [locator: {mods folder locator at C:\Users\chris\AppData\Roaming\PrismLauncher\instances\Pantoxorem\minecraft\mods}, reader: mod manifest]
[24Mar2026 16:40:49.687] [main/INFO] [net.neoforged.fml.loading.moddiscovery.ModDiscoverer/SCAN]: Found mod file "spawnanimations-v1.11.3-mc1.17-1.21.11-mod.jar" [locator: {mods folder locator at C:\Users\chris\AppData\Roaming\PrismLauncher\instances\Pantoxorem\minecraft\mods}, reader: mod manifest]
[24Mar2026 16:40:49.693] [main/INFO] [net.neoforged.fml.loading.moddiscovery.ModDiscoverer/SCAN]: Found mod file "structureessentials-1.21.1-4.8.jar" [locator: {mods folder locator at C:\Users\chris\AppData\Roaming\PrismLauncher\instances\Pantoxorem\minecraft\mods}, reader: mod manifest]
[24Mar2026 16:40:49.698] [main/INFO] [net.neoforged.fml.loading.moddiscovery.ModDiscoverer/SCAN]: Found mod file "StylishEffects-v21.1.2-1.21.1-NeoForge.jar" [locator: {mods folder locator at C:\Users\chris\AppData\Roaming\PrismLauncher\instances\Pantoxorem\minecraft\mods}, reader: mod manifest]
[24Mar2026 16:40:49.703] [main/INFO] [net.neoforged.fml.loading.moddiscovery.ModDiscoverer/SCAN]: Found mod file "SubtleEffects-neoforge-1.21.1-1.14.0.jar" [locator: {mods folder locator at C:\Users\chris\AppData\Roaming\PrismLauncher\instances\Pantoxorem\minecraft\mods}, reader: mod manifest]
[24Mar2026 16:40:49.708] [main/INFO] [net.neoforged.fml.loading.moddiscovery.ModDiscoverer/SCAN]: Found mod file "tectonic-3.0.19-neoforge-1.21.1.jar" [locator: {mods folder locator at C:\Users\chris\AppData\Roaming\PrismLauncher\instances\Pantoxorem\minecraft\mods}, reader: mod manifest]
[24Mar2026 16:40:49.714] [main/INFO] [net.neoforged.fml.loading.moddiscovery.ModDiscoverer/SCAN]: Found mod file "visuality-forge-2.1.0.jar" [locator: {mods folder locator at C:\Users\chris\AppData\Roaming\PrismLauncher\instances\Pantoxorem\minecraft\mods}, reader: mod manifest]
[24Mar2026 16:40:49.719] [main/INFO] [net.neoforged.fml.loading.moddiscovery.ModDiscoverer/SCAN]: Found mod file "VisualWorkbench-v21.1.1-1.21.1-NeoForge.jar" [locator: {mods folder locator at C:\Users\chris\AppData\Roaming\PrismLauncher\instances\Pantoxorem\minecraft\mods}, reader: mod manifest]
[24Mar2026 16:40:49.724] [main/INFO] [net.neoforged.fml.loading.moddiscovery.ModDiscoverer/SCAN]: Found mod file "wakes-1.21.1-NeoForge-1.0.5.jar" [locator: {mods folder locator at C:\Users\chris\AppData\Roaming\PrismLauncher\instances\Pantoxorem\minecraft\mods}, reader: mod manifest]
[24Mar2026 16:40:49.730] [main/INFO] [net.neoforged.fml.loading.moddiscovery.ModDiscoverer/SCAN]: Found mod file "yet_another_config_lib_v3-3.8.2+1.21.1-neoforge.jar" [locator: {mods folder locator at C:\Users\chris\AppData\Roaming\PrismLauncher\instances\Pantoxorem\minecraft\mods}, reader: mod manifest]
[24Mar2026 16:40:49.735] [main/INFO] [net.neoforged.fml.loading.moddiscovery.ModDiscoverer/SCAN]: Found mod file "YungsApi-1.21.1-NeoForge-5.1.6.jar" [locator: {mods folder locator at C:\Users\chris\AppData\Roaming\PrismLauncher\instances\Pantoxorem\minecraft\mods}, reader: mod manifest]
[24Mar2026 16:40:49.740] [main/INFO] [net.neoforged.fml.loading.moddiscovery.ModDiscoverer/SCAN]: Found mod file "YungsMenuTweaks-1.21.1-NeoForge-2.1.2.jar" [locator: {mods folder locator at C:\Users\chris\AppData\Roaming\PrismLauncher\instances\Pantoxorem\minecraft\mods}, reader: mod manifest]
[24Mar2026 16:40:50.949] [main/WARN] [net.neoforged.jarjar.selection.JarSelector/]: Attempted to select two dependency jars from JarJar which have the same identification: Nested Mod File  in Mod File: C:\Users\chris\AppData\Roaming\PrismLauncher\instances\Pantoxorem\minecraft\mods\moreculling-neoforge-1.21.1-1.0.7.jar and Nested Mod File  in Mod File: C:\Users\chris\AppData\Roaming\PrismLauncher\instances\Pantoxorem\minecraft\mods\moreculling-neoforge-1.21.1-1.0.7.jar. Using Nested Mod File  in Mod File: C:\Users\chris\AppData\Roaming\PrismLauncher\instances\Pantoxorem\minecraft\mods\moreculling-neoforge-1.21.1-1.0.7.jar
[24Mar2026 16:40:50.950] [main/WARN] [net.neoforged.jarjar.selection.JarSelector/]: Attempted to select a dependency jar for JarJar which was passed in as source: midnightlib. Using Mod File: C:\Users\chris\AppData\Roaming\PrismLauncher\instances\Pantoxorem\minecraft\mods\midnightlib-neoforge-1.9.2+1.21.1.jar
[24Mar2026 16:40:50.950] [main/INFO] [net.neoforged.fml.loading.moddiscovery.locators.JarInJarDependencyLocator/]: Found 94 dependencies adding them to mods collection
[24Mar2026 16:40:50.950] [main/INFO] [net.neoforged.fml.loading.moddiscovery.ModDiscoverer/SCAN]: Found mod file "c2me-fixes-worldgen-threading-issues-mc1.21.1-0.3.0+alpha.0.90.jar" [parent: c2me-neoforge-mc1.21.1-0.3.0+alpha.0.90.jar, locator: jarinjar, reader: mod manifest]
[24Mar2026 16:40:50.950] [main/INFO] [net.neoforged.fml.loading.moddiscovery.ModDiscoverer/SCAN]: Found mod file "kuma-api-neoforge-21.0.7+1.21.jar" [parent: balm-neoforge-1.21.1-21.0.56.jar, locator: jarinjar, reader: mod manifest]
[24Mar2026 16:40:50.950] [main/INFO] [net.neoforged.fml.loading.moddiscovery.ModDiscoverer/SCAN]: Found mod file "c2me-threading-lighting-mc1.21.1-0.3.0+alpha.0.90.jar" [parent: c2me-neoforge-mc1.21.1-0.3.0+alpha.0.90.jar, locator: jarinjar, reader: mod manifest]
[24Mar2026 16:40:50.950] [main/INFO] [net.neoforged.fml.loading.moddiscovery.ModDiscoverer/SCAN]: Found library file "groovy-templates-4.0.24.jar" [parent: groovybundler-2.1.7.jar, locator: jarinjar, reader: mod manifest]
[24Mar2026 16:40:50.950] [main/INFO] [net.neoforged.fml.loading.moddiscovery.ModDiscoverer/SCAN]: Found mod file "fabric-renderer-api-v1-3.4.0+acb05a3919.jar" [parent: iris-neoforge-1.8.12+mc1.21.1.jar, locator: jarinjar, reader: mod manifest]
[24Mar2026 16:40:50.950] [main/INFO] [net.neoforged.fml.loading.moddiscovery.ModDiscoverer/SCAN]: Found library file "sewlia-config-1.0.0-20250810.044244-13.jar" [parent: krypton_fnp-neoforge-1.21.1-0.2.28.1-1.21.1.jar, locator: jarinjar]
[24Mar2026 16:40:50.950] [main/INFO] [net.neoforged.fml.loading.moddiscovery.ModDiscoverer/SCAN]: Found library file "net.neoforged.neoforge-coremods-21.1.220.jar" [parent: neoforge-21.1.220-universal.jar, locator: jarinjar, reader: mod manifest]
[24Mar2026 16:40:50.950] [main/INFO] [net.neoforged.fml.loading.moddiscovery.ModDiscoverer/SCAN]: Found mod file "c2me-rewrites-chunk-serializer-mc1.21.1-0.3.0+alpha.0.90.jar" [parent: c2me-neoforge-mc1.21.1-0.3.0+alpha.0.90.jar, locator: jarinjar, reader: mod manifest]
[24Mar2026 16:40:50.950] [main/INFO] [net.neoforged.fml.loading.moddiscovery.ModDiscoverer/SCAN]: Found library file "opensesame-groovy-0.5.13.jar" [parent: groovybundler-2.1.7.jar, locator: jarinjar, reader: mod manifest]
[24Mar2026 16:40:50.950] [main/INFO] [net.neoforged.fml.loading.moddiscovery.ModDiscoverer/SCAN]: Found mod file "common-networking-neoforge-1.0.20-1.21.1.jar" [parent: journeymap-neoforge-1.21.1-6.0.0-beta.56.jar, locator: jarinjar, reader: mod manifest]
[24Mar2026 16:40:50.951] [main/INFO] [net.neoforged.fml.loading.moddiscovery.ModDiscoverer/SCAN]: Found library file "MixinSquared-0.2.0.jar" [parent: mixinsquared-neoforge-0.2.0.jar, locator: jarinjar]
[24Mar2026 16:40:50.951] [main/INFO] [net.neoforged.fml.loading.moddiscovery.ModDiscoverer/SCAN]: Found mod file "c2me-opts-natives-math-mc1.21.1-0.3.0+alpha.0.90.jar" [parent: c2me-neoforge-mc1.21.1-0.3.0+alpha.0.90.jar, locator: jarinjar, reader: mod manifest]
[24Mar2026 16:40:50.951] [main/INFO] [net.neoforged.fml.loading.moddiscovery.ModDiscoverer/SCAN]: Found mod file "TRender-1.0.10-1.21.1-neoforge-SNAPSHOT.jar" [parent: entityculling-neoforge-1.9.5-mc1.21.1.jar, locator: jarinjar, reader: mod manifest]
[24Mar2026 16:40:50.951] [main/INFO] [net.neoforged.fml.loading.moddiscovery.ModDiscoverer/SCAN]: Found library file "gml-core-7.0.3.jar" [parent: gml-6.0.2.jar, locator: jarinjar, reader: mod manifest]
[24Mar2026 16:40:50.951] [main/INFO] [net.neoforged.fml.loading.moddiscovery.ModDiscoverer/SCAN]: Found library file "jackson-core-2.18.1.jar" [parent: groovybundler-2.1.7.jar, locator: jarinjar, reader: mod manifest]
[24Mar2026 16:40:50.951] [main/INFO] [net.neoforged.fml.loading.moddiscovery.ModDiscoverer/SCAN]: Found mod file "c2me-fixes-general-threading-issues-mc1.21.1-0.3.0+alpha.0.90.jar" [parent: c2me-neoforge-mc1.21.1-0.3.0+alpha.0.90.jar, locator: jarinjar, reader: mod manifest]
[24Mar2026 16:40:50.951] [main/INFO] [net.neoforged.fml.loading.moddiscovery.ModDiscoverer/SCAN]: Found library file "groovybundler-2.1.7.jar" [parent: gml-core-7.0.3.jar, locator: jarinjar, reader: mod manifest]
[24Mar2026 16:40:50.951] [main/INFO] [net.neoforged.fml.loading.moddiscovery.ModDiscoverer/SCAN]: Found library file "groovy-contracts-4.0.24.jar" [parent: groovybundler-2.1.7.jar, locator: jarinjar, reader: mod manifest]
[24Mar2026 16:40:50.951] [main/INFO] [net.neoforged.fml.loading.moddiscovery.ModDiscoverer/SCAN]: Found library file "kotlinx-coroutines-core-jvm-1.10.2.jar" [parent: kotlinforforge-5.11.0-all.jar, locator: jarinjar]
[24Mar2026 16:40:50.951] [main/INFO] [net.neoforged.fml.loading.moddiscovery.ModDiscoverer/SCAN]: Found mod file "fabric-block-view-api-v2-1.0.10+9afaaf8c19.jar" [parent: sodium-neoforge-0.6.13+mc1.21.1.jar, locator: jarinjar, reader: mod manifest]
[24Mar2026 16:40:50.951] [main/INFO] [net.neoforged.fml.loading.moddiscovery.ModDiscoverer/SCAN]: Found library file "groovy-dateutil-4.0.24.jar" [parent: groovybundler-2.1.7.jar, locator: jarinjar, reader: mod manifest]
[24Mar2026 16:40:50.951] [main/INFO] [net.neoforged.fml.loading.moddiscovery.ModDiscoverer/SCAN]: Found library file "jctools-core-4.0.5.jar" [parent: c2me-neoforge-mc1.21.1-0.3.0+alpha.0.90.jar, locator: jarinjar]
[24Mar2026 16:40:50.951] [main/INFO] [net.neoforged.fml.loading.moddiscovery.ModDiscoverer/SCAN]: Found mod file "tiny-config-3.1.0-neoforge.jar" [parent: bettercombat-neoforge-2.3.2+1.21.1.jar, locator: jarinjar, reader: mod manifest]
[24Mar2026 16:40:50.951] [main/INFO] [net.neoforged.fml.loading.moddiscovery.ModDiscoverer/SCAN]: Found library file "net.caffeinemc.sodium-neoforge-0.6.13+mc1.21.1-service.jar" [parent: sodium-neoforge-0.6.13+mc1.21.1.jar, locator: jarinjar, reader: mod manifest]
[24Mar2026 16:40:50.951] [main/INFO] [net.neoforged.fml.loading.moddiscovery.ModDiscoverer/SCAN]: Found mod file "c2me-opts-math-mc1.21.1-0.3.0+alpha.0.90.jar" [parent: c2me-neoforge-mc1.21.1-0.3.0+alpha.0.90.jar, locator: jarinjar, reader: mod manifest]
[24Mar2026 16:40:50.951] [main/INFO] [net.neoforged.fml.loading.moddiscovery.ModDiscoverer/SCAN]: Found library file "kotlinx-coroutines-jdk8-1.10.2.jar" [parent: kotlinforforge-5.11.0-all.jar, locator: jarinjar]
[24Mar2026 16:40:50.951] [main/INFO] [net.neoforged.fml.loading.moddiscovery.ModDiscoverer/SCAN]: Found mod file "c2me-rewrites-chunk-system-mc1.21.1-0.3.0+alpha.0.90.jar" [parent: c2me-neoforge-mc1.21.1-0.3.0+alpha.0.90.jar, locator: jarinjar, reader: mod manifest]
[24Mar2026 16:40:50.952] [main/INFO] [net.neoforged.fml.loading.moddiscovery.ModDiscoverer/SCAN]: Found library file "jackson-dataformat-toml-2.18.1.jar" [parent: groovybundler-2.1.7.jar, locator: jarinjar, reader: mod manifest]
[24Mar2026 16:40:50.952] [main/INFO] [net.neoforged.fml.loading.moddiscovery.ModDiscoverer/SCAN]: Found library file "rxjava-3.1.12.jar" [parent: c2me-neoforge-mc1.21.1-0.3.0+alpha.0.90.jar, locator: jarinjar]
[24Mar2026 16:40:50.952] [main/INFO] [net.neoforged.fml.loading.moddiscovery.ModDiscoverer/SCAN]: Found library file "kotlin-stdlib-jdk7-2.3.0.jar" [parent: kotlinforforge-5.11.0-all.jar, locator: jarinjar]
[24Mar2026 16:40:50.952] [main/INFO] [net.neoforged.fml.loading.moddiscovery.ModDiscoverer/SCAN]: Found library file "reactive-streams-1.0.4.jar" [parent: c2me-neoforge-mc1.21.1-0.3.0+alpha.0.90.jar, locator: jarinjar]
[24Mar2026 16:40:50.952] [main/INFO] [net.neoforged.fml.loading.moddiscovery.ModDiscoverer/SCAN]: Found library file "kotlin-stdlib-jdk8-2.3.0.jar" [parent: kotlinforforge-5.11.0-all.jar, locator: jarinjar]
[24Mar2026 16:40:50.952] [main/INFO] [net.neoforged.fml.loading.moddiscovery.ModDiscoverer/SCAN]: Found library file "groovy-typecheckers-4.0.24.jar" [parent: groovybundler-2.1.7.jar, locator: jarinjar, reader: mod manifest]
[24Mar2026 16:40:50.952] [main/INFO] [net.neoforged.fml.loading.moddiscovery.ModDiscoverer/SCAN]: Found library file "groovy-4.0.24.jar" [parent: groovybundler-2.1.7.jar, locator: jarinjar, reader: mod manifest]
[24Mar2026 16:40:50.952] [main/INFO] [net.neoforged.fml.loading.moddiscovery.ModDiscoverer/SCAN]: Found mod file "c2me-base-mc1.21.1-0.3.0+alpha.0.90-all.jar" [parent: c2me-neoforge-mc1.21.1-0.3.0+alpha.0.90.jar, locator: jarinjar, reader: mod manifest]
[24Mar2026 16:40:50.952] [main/INFO] [net.neoforged.fml.loading.moddiscovery.ModDiscoverer/SCAN]: Found library file "groovy-toml-4.0.24.jar" [parent: groovybundler-2.1.7.jar, locator: jarinjar, reader: mod manifest]
[24Mar2026 16:40:50.952] [main/INFO] [net.neoforged.fml.loading.moddiscovery.ModDiscoverer/SCAN]: Found mod file "c2me-fixes-worldgen-vanilla-bugs-mc1.21.1-0.3.0+alpha.0.90.jar" [parent: c2me-neoforge-mc1.21.1-0.3.0+alpha.0.90.jar, locator: jarinjar, reader: mod manifest]
[24Mar2026 16:40:50.952] [main/INFO] [net.neoforged.fml.loading.moddiscovery.ModDiscoverer/SCAN]: Found mod file "c2me-opts-worldgen-vanilla-mc1.21.1-0.3.0+alpha.0.90.jar" [parent: c2me-neoforge-mc1.21.1-0.3.0+alpha.0.90.jar, locator: jarinjar, reader: mod manifest]
[24Mar2026 16:40:50.952] [main/INFO] [net.neoforged.fml.loading.moddiscovery.ModDiscoverer/SCAN]: Found library file "common-image-3.12.0.jar" [parent: yet_another_config_lib_v3-3.8.2+1.21.1-neoforge.jar, locator: jarinjar]
[24Mar2026 16:40:50.952] [main/INFO] [net.neoforged.fml.loading.moddiscovery.ModDiscoverer/SCAN]: Found library file "kotlinx-serialization-json-jvm-1.9.0.jar" [parent: kotlinforforge-5.11.0-all.jar, locator: jarinjar]
[24Mar2026 16:40:50.952] [main/INFO] [net.neoforged.fml.loading.moddiscovery.ModDiscoverer/SCAN]: Found mod file "c2me-opts-scheduling-mc1.21.1-0.3.0+alpha.0.90.jar" [parent: c2me-neoforge-mc1.21.1-0.3.0+alpha.0.90.jar, locator: jarinjar, reader: mod manifest]
[24Mar2026 16:40:50.952] [main/INFO] [net.neoforged.fml.loading.moddiscovery.ModDiscoverer/SCAN]: Found library file "groovy-json-4.0.24.jar" [parent: groovybundler-2.1.7.jar, locator: jarinjar, reader: mod manifest]
[24Mar2026 16:40:50.952] [main/INFO] [net.neoforged.fml.loading.moddiscovery.ModDiscoverer/SCAN]: Found library file "snakeyaml-2.4.jar" [parent: krypton_fnp-neoforge-1.21.1-0.2.28.1-1.21.1.jar, locator: jarinjar]
[24Mar2026 16:40:50.953] [main/INFO] [net.neoforged.fml.loading.moddiscovery.ModDiscoverer/SCAN]: Found library file "exp4j-0.4.8.jar" [parent: c2me-neoforge-mc1.21.1-0.3.0+alpha.0.90.jar, locator: jarinjar]
[24Mar2026 16:40:50.953] [main/INFO] [net.neoforged.fml.loading.moddiscovery.ModDiscoverer/SCAN]: Found library file "jankson-1.2.3.jar" [parent: fzzy_config-0.7.6+1.21+neoforge.jar, locator: jarinjar]
[24Mar2026 16:40:50.953] [main/INFO] [net.neoforged.fml.loading.moddiscovery.ModDiscoverer/SCAN]: Found gamelibrary file "mixinextras-neoforge-0.5.0.jar" [parent: sounds-2.4.22+lts+1.21.1-neoforge.jar, locator: jarinjar, reader: mod manifest]
[24Mar2026 16:40:50.953] [main/INFO] [net.neoforged.fml.loading.moddiscovery.ModDiscoverer/SCAN]: Found library file "groovy-macro-4.0.24.jar" [parent: groovybundler-2.1.7.jar, locator: jarinjar, reader: mod manifest]
[24Mar2026 16:40:50.953] [main/INFO] [net.neoforged.fml.loading.moddiscovery.ModDiscoverer/SCAN]: Found mod file "fabric-api-base-0.4.42+d1308ded19.jar" [parent: sodium-neoforge-0.6.13+mc1.21.1.jar, locator: jarinjar, reader: mod manifest]
[24Mar2026 16:40:50.953] [main/INFO] [net.neoforged.fml.loading.moddiscovery.ModDiscoverer/SCAN]: Found mod file "c2me-fixes-chunkio-threading-issues-mc1.21.1-0.3.0+alpha.0.90.jar" [parent: c2me-neoforge-mc1.21.1-0.3.0+alpha.0.90.jar, locator: jarinjar, reader: mod manifest]
[24Mar2026 16:40:50.953] [main/INFO] [net.neoforged.fml.loading.moddiscovery.ModDiscoverer/SCAN]: Found mod file "c2me-client-uncapvd-mc1.21.1-0.3.0+alpha.0.90.jar" [parent: c2me-neoforge-mc1.21.1-0.3.0+alpha.0.90.jar, locator: jarinjar, reader: mod manifest]
[24Mar2026 16:40:50.953] [main/INFO] [net.neoforged.fml.loading.moddiscovery.ModDiscoverer/SCAN]: Found gamelibrary file "mixinsquared-neoforge-0.2.0.jar" [parent: moreculling-neoforge-1.21.1-1.0.7.jar, locator: jarinjar, reader: mod manifest]
[24Mar2026 16:40:50.953] [main/INFO] [net.neoforged.fml.loading.moddiscovery.ModDiscoverer/SCAN]: Found library file "pngj-2.1.0.jar" [parent: journeymap-neoforge-1.21.1-6.0.0-beta.56.jar, locator: jarinjar]
[24Mar2026 16:40:50.953] [main/INFO] [net.neoforged.fml.loading.moddiscovery.ModDiscoverer/SCAN]: Found library file "thedarkcolour.kfflang-5.11.0.jar" [parent: kotlinforforge-5.11.0-all.jar, locator: jarinjar, reader: mod manifest]
[24Mar2026 16:40:50.953] [main/INFO] [net.neoforged.fml.loading.moddiscovery.ModDiscoverer/SCAN]: Found library file "jackson-databind-2.18.1.jar" [parent: groovybundler-2.1.7.jar, locator: jarinjar, reader: mod manifest]
[24Mar2026 16:40:50.953] [main/INFO] [net.neoforged.fml.loading.moddiscovery.ModDiscoverer/SCAN]: Found mod file "c2me-server-utils-mc1.21.1-0.3.0+alpha.0.90.jar" [parent: c2me-neoforge-mc1.21.1-0.3.0+alpha.0.90.jar, locator: jarinjar, reader: mod manifest]
[24Mar2026 16:40:50.953] [main/INFO] [net.neoforged.fml.loading.moddiscovery.ModDiscoverer/SCAN]: Found library file "imageio-metadata-3.12.0.jar" [parent: yet_another_config_lib_v3-3.8.2+1.21.1-neoforge.jar, locator: jarinjar]
[24Mar2026 16:40:50.953] [main/INFO] [net.neoforged.fml.loading.moddiscovery.ModDiscoverer/SCAN]: Found gamelibrary file "thedarkcolour.kfflib-5.11.0.jar" [parent: kotlinforforge-5.11.0-all.jar, locator: jarinjar, reader: mod manifest]
[24Mar2026 16:40:50.953] [main/INFO] [net.neoforged.fml.loading.moddiscovery.ModDiscoverer/SCAN]: Found library file "jcpp-1.4.14.jar" [parent: iris-neoforge-1.8.12+mc1.21.1.jar, locator: jarinjar]
[24Mar2026 16:40:50.953] [main/INFO] [net.neoforged.fml.loading.moddiscovery.ModDiscoverer/SCAN]: Found mod file "thedarkcolour.kffmod-5.11.0.jar" [parent: kotlinforforge-5.11.0-all.jar, locator: jarinjar, reader: mod manifest]
[24Mar2026 16:40:50.953] [main/INFO] [net.neoforged.fml.loading.moddiscovery.ModDiscoverer/SCAN]: Found library file "gson-0.2.1.jar" [parent: yet_another_config_lib_v3-3.8.2+1.21.1-neoforge.jar, locator: jarinjar]
[24Mar2026 16:40:50.953] [main/INFO] [net.neoforged.fml.loading.moddiscovery.ModDiscoverer/SCAN]: Found mod file "c2me-opts-dfc-mc1.21.1-0.3.0+alpha.0.90.jar" [parent: c2me-neoforge-mc1.21.1-0.3.0+alpha.0.90.jar, locator: jarinjar, reader: mod manifest]
[24Mar2026 16:40:50.953] [main/INFO] [net.neoforged.fml.loading.moddiscovery.ModDiscoverer/SCAN]: Found library file "kotlin-reflect-2.3.0.jar" [parent: kotlinforforge-5.11.0-all.jar, locator: jarinjar]
[24Mar2026 16:40:50.953] [main/INFO] [net.neoforged.fml.loading.moddiscovery.ModDiscoverer/SCAN]: Found library file "kotlin-stdlib-2.3.0.jar" [parent: kotlinforforge-5.11.0-all.jar, locator: jarinjar]
[24Mar2026 16:40:50.954] [main/INFO] [net.neoforged.fml.loading.moddiscovery.ModDiscoverer/SCAN]: Found mod file "cgl-1.21-neoforge-0.5.1.jar" [parent: gml-6.0.2.jar, locator: jarinjar, reader: mod manifest]
[24Mar2026 16:40:50.954] [main/INFO] [net.neoforged.fml.loading.moddiscovery.ModDiscoverer/SCAN]: Found library file "velocity-native-3.4.0-SNAPSHOT.jar" [parent: krypton_fnp-neoforge-1.21.1-0.2.28.1-1.21.1.jar, locator: jarinjar]
[24Mar2026 16:40:50.954] [main/INFO] [net.neoforged.fml.loading.moddiscovery.ModDiscoverer/SCAN]: Found library file "opensesame-core-0.5.13.jar" [parent: groovybundler-2.1.7.jar, locator: jarinjar, reader: mod manifest]
[24Mar2026 16:40:50.954] [main/INFO] [net.neoforged.fml.loading.moddiscovery.ModDiscoverer/SCAN]: Found mod file "c2me-notickvd-mc1.21.1-0.3.0+alpha.0.90.jar" [parent: c2me-neoforge-mc1.21.1-0.3.0+alpha.0.90.jar, locator: jarinjar, reader: mod manifest]
[24Mar2026 16:40:50.954] [main/INFO] [net.neoforged.fml.loading.moddiscovery.ModDiscoverer/SCAN]: Found library file "groovy-datetime-4.0.24.jar" [parent: groovybundler-2.1.7.jar, locator: jarinjar, reader: mod manifest]
[24Mar2026 16:40:50.954] [main/INFO] [net.neoforged.fml.loading.moddiscovery.ModDiscoverer/SCAN]: Found library file "glsl-transformer-2.0.1.jar" [parent: iris-neoforge-1.8.12+mc1.21.1.jar, locator: jarinjar]
[24Mar2026 16:40:50.954] [main/INFO] [net.neoforged.fml.loading.moddiscovery.ModDiscoverer/SCAN]: Found library file "toml4j-0.7.3.jar" [parent: CameraOverhaul-v2.0.6-neoforge+mc[1.21.0-1.21.1].jar, locator: jarinjar]
[24Mar2026 16:40:50.954] [main/INFO] [net.neoforged.fml.loading.moddiscovery.ModDiscoverer/SCAN]: Found library file "jackson-annotations-2.18.1.jar" [parent: groovybundler-2.1.7.jar, locator: jarinjar, reader: mod manifest]
[24Mar2026 16:40:50.954] [main/INFO] [net.neoforged.fml.loading.moddiscovery.ModDiscoverer/SCAN]: Found library file "tomlkt-jvm-0.3.7.jar" [parent: fzzy_config-0.7.6+1.21+neoforge.jar, locator: jarinjar]
[24Mar2026 16:40:50.954] [main/INFO] [net.neoforged.fml.loading.moddiscovery.ModDiscoverer/SCAN]: Found library file "groovy-ginq-4.0.24.jar" [parent: groovybundler-2.1.7.jar, locator: jarinjar, reader: mod manifest]
[24Mar2026 16:40:50.954] [main/INFO] [net.neoforged.fml.loading.moddiscovery.ModDiscoverer/SCAN]: Found mod file "c2me-opts-worldgen-general-mc1.21.1-0.3.0+alpha.0.90.jar" [parent: c2me-neoforge-mc1.21.1-0.3.0+alpha.0.90.jar, locator: jarinjar, reader: mod manifest]
[24Mar2026 16:40:50.954] [main/INFO] [net.neoforged.fml.loading.moddiscovery.ModDiscoverer/SCAN]: Found mod file "c2me-opts-chunkio-mc1.21.1-0.3.0+alpha.0.90.jar" [parent: c2me-neoforge-mc1.21.1-0.3.0+alpha.0.90.jar, locator: jarinjar, reader: mod manifest]
[24Mar2026 16:40:50.954] [main/INFO] [net.neoforged.fml.loading.moddiscovery.ModDiscoverer/SCAN]: Found library file "groovy-macro-library-4.0.24.jar" [parent: groovybundler-2.1.7.jar, locator: jarinjar, reader: mod manifest]
[24Mar2026 16:40:50.954] [main/INFO] [net.neoforged.fml.loading.moddiscovery.ModDiscoverer/SCAN]: Found library file "json-0.2.1.jar" [parent: yet_another_config_lib_v3-3.8.2+1.21.1-neoforge.jar, locator: jarinjar]
[24Mar2026 16:40:50.954] [main/INFO] [net.neoforged.fml.loading.moddiscovery.ModDiscoverer/SCAN]: Found library file "commonmark-0.21.0.jar" [parent: mru-1.0.19+LTS+1.21.1+neoforge.jar, locator: jarinjar]
[24Mar2026 16:40:50.954] [main/INFO] [net.neoforged.fml.loading.moddiscovery.ModDiscoverer/SCAN]: Found library file "common-io-3.12.0.jar" [parent: yet_another_config_lib_v3-3.8.2+1.21.1-neoforge.jar, locator: jarinjar]
[24Mar2026 16:40:50.954] [main/INFO] [net.neoforged.fml.loading.moddiscovery.ModDiscoverer/SCAN]: Found mod file "conditional-mixin-neoforge-0.6.3.jar" [parent: moreculling-neoforge-1.21.1-1.0.7.jar, locator: jarinjar, reader: mod manifest]
[24Mar2026 16:40:50.954] [main/INFO] [net.neoforged.fml.loading.moddiscovery.ModDiscoverer/SCAN]: Found mod file "TRansition-1.0.13-1.21.1-neoforge-SNAPSHOT.jar" [parent: firstperson-neoforge-2.6.3-mc1.21.1.jar, locator: jarinjar, reader: mod manifest]
[24Mar2026 16:40:50.954] [main/INFO] [net.neoforged.fml.loading.moddiscovery.ModDiscoverer/SCAN]: Found library file "Reflect-1.6.1+curseforge.jar" [parent: ImmediatelyFast-NeoForge-1.6.10+1.21.1.jar, locator: jarinjar]
[24Mar2026 16:40:50.954] [main/INFO] [net.neoforged.fml.loading.moddiscovery.ModDiscoverer/SCAN]: Found library file "groovy-nio-4.0.24.jar" [parent: groovybundler-2.1.7.jar, locator: jarinjar, reader: mod manifest]
[24Mar2026 16:40:50.954] [main/INFO] [net.neoforged.fml.loading.moddiscovery.ModDiscoverer/SCAN]: Found mod file "fabric-rendering-data-attachment-v1-0.3.48+73761d2e19.jar" [parent: sodium-neoforge-0.6.13+mc1.21.1.jar, locator: jarinjar, reader: mod manifest]
[24Mar2026 16:40:50.955] [main/INFO] [net.neoforged.fml.loading.moddiscovery.ModDiscoverer/SCAN]: Found library file "imageio-webp-3.12.0.jar" [parent: yet_another_config_lib_v3-3.8.2+1.21.1-neoforge.jar, locator: jarinjar]
[24Mar2026 16:40:50.955] [main/INFO] [net.neoforged.fml.loading.moddiscovery.ModDiscoverer/SCAN]: Found library file "kotlinx-serialization-core-jvm-1.9.0.jar" [parent: kotlinforforge-5.11.0-all.jar, locator: jarinjar]
[24Mar2026 16:40:50.955] [main/INFO] [net.neoforged.fml.loading.moddiscovery.ModDiscoverer/SCAN]: Found mod file "c2me-rewrites-chunkio-mc1.21.1-0.3.0+alpha.0.90.jar" [parent: c2me-neoforge-mc1.21.1-0.3.0+alpha.0.90.jar, locator: jarinjar, reader: mod manifest]
[24Mar2026 16:40:50.955] [main/INFO] [net.neoforged.fml.loading.moddiscovery.ModDiscoverer/SCAN]: Found library file "groovy-xml-4.0.24.jar" [parent: groovybundler-2.1.7.jar, locator: jarinjar, reader: mod manifest]
[24Mar2026 16:40:50.955] [main/INFO] [net.neoforged.fml.loading.moddiscovery.ModDiscoverer/SCAN]: Found mod file "journeymap-api-neoforge-2.0.0-1.21.1-SNAPSHOT.jar" [parent: journeymap-neoforge-1.21.1-6.0.0-beta.56.jar, locator: jarinjar, reader: mod manifest]
[24Mar2026 16:40:50.955] [main/INFO] [net.neoforged.fml.loading.moddiscovery.ModDiscoverer/SCAN]: Found mod file "c2me-opts-allocs-mc1.21.1-0.3.0+alpha.0.90.jar" [parent: c2me-neoforge-mc1.21.1-0.3.0+alpha.0.90.jar, locator: jarinjar, reader: mod manifest]
[24Mar2026 16:40:50.955] [main/INFO] [net.neoforged.fml.loading.moddiscovery.ModDiscoverer/SCAN]: Found library file "common-lang-3.12.0.jar" [parent: yet_another_config_lib_v3-3.8.2+1.21.1-neoforge.jar, locator: jarinjar]
[24Mar2026 16:40:50.955] [main/INFO] [net.neoforged.fml.loading.moddiscovery.ModDiscoverer/SCAN]: Found library file "imageio-core-3.12.0.jar" [parent: yet_another_config_lib_v3-3.8.2+1.21.1-neoforge.jar, locator: jarinjar]
[24Mar2026 16:40:50.955] [main/INFO] [net.neoforged.fml.loading.moddiscovery.ModDiscoverer/SCAN]: Found library file "opensesame-compile-0.5.13.jar" [parent: groovybundler-2.1.7.jar, locator: jarinjar, reader: mod manifest]
[24Mar2026 16:40:50.955] [main/INFO] [net.neoforged.fml.loading.moddiscovery.ModDiscoverer/SCAN]: Found library file "asyncutil-0.1.0.jar" [parent: c2me-neoforge-mc1.21.1-0.3.0+alpha.0.90.jar, locator: jarinjar]
[24Mar2026 16:40:50.959] [main/INFO] [net.neoforged.fml.loading.moddiscovery.ModDiscoverer/]: 
     Mod List:
		Name Version (Mod Id)

		Advancement Plaques 1.6.8 (advancementplaques)
		AI-Improvements 0.5.3 (aiimprovements)
		Alternate Current 1.9.0 (alternate_current)
		AmbientSounds 6.3.3 (ambientsounds)
		AppleSkin 3.0.8+mc1.21 (appleskin)
		Architectury 13.0.8 (architectury)
		AttributeFix 21.1.3 (attributefix)
		Balm 21.0.56 (balm)
		Better Biome Reblend 1.5.2 (betterbiomereblend)
		Better Combat 2.3.2+1.21.1 (bettercombat)
		BetterF3 11.0.3 (betterf3)
		Blur+ 6.2.0 (blur)
		Bookshelf 21.1.81 (bookshelf)
		CameraOverhaul 2.0.6-neoforge+mc.1.21.0-1.21.1 (cameraoverhaul)
		Clean Swing 1.9 (cleanswing)
		Cloth Config v15 API 15.0.140 (cloth_config)
		Common Networking 1.0.20-1.21.1 (commonnetworking)
		CommonGroovyLibrary 0.5.1 (commongroovylibrary)
		Concurrent Chunk Management Engine 0.3.0+alpha.0.90+1.21.1 (c2me)
		Concurrent Chunk Management Engine (Base) 0.3.0+alpha.0.90+1.21.1 (c2me_base)
		Concurrent Chunk Management Engine (Client/Uncap View Distance) 0.3.0+alpha.0.90+1.21.1 (c2me_client_uncapvd)
		Concurrent Chunk Management Engine (Fixes/Chunk IO/Threading Issues) 0.3.0+alpha.0.90+1.21.1 (c2me_fixes_chunkio_threading_issues)
		Concurrent Chunk Management Engine (Fixes/General/Threading Issues) 0.3.0+alpha.0.90+1.21.1 (c2me_fixes_general_threading_issues)
		Concurrent Chunk Management Engine (Fixes/WorldGen/Threading Issues) 0.3.0+alpha.0.90+1.21.1 (c2me_fixes_worldgen_threading_issues)
		Concurrent Chunk Management Engine (Fixes/WorldGen/Vanilla Bugs) 0.3.0+alpha.0.90+1.21.1 (c2me_fixes_worldgen_vanilla_bugs)
		Concurrent Chunk Management Engine (No Tick View Distance) 0.3.0+alpha.0.90+1.21.1 (c2me_notickvd)
		Concurrent Chunk Management Engine (Optimizations/Chunk IO) 0.3.0+alpha.0.90+1.21.1 (c2me_opts_chunkio)
		Concurrent Chunk Management Engine (Optimizations/Density Function Compiler) 0.3.0+alpha.0.90+1.21.1 (c2me_opts_dfc)
		Concurrent Chunk Management Engine (Optimizations/General WorldGen) 0.3.0+alpha.0.90+1.21.1 (c2me_opts_worldgen_general)
		Concurrent Chunk Management Engine (Optimizations/Math) 0.3.0+alpha.0.90+1.21.1 (c2me_opts_math)
		Concurrent Chunk Management Engine (Optimizations/Memory Allocations) 0.3.0+alpha.0.90+1.21.1 (c2me_opts_allocs)
		Concurrent Chunk Management Engine (Optimizations/Natives Math) 0.3.0+alpha.0.90+1.21.1 (c2me_opts_natives_math)
		Concurrent Chunk Management Engine (Optimizations/Scheduling) 0.3.0+alpha.0.90+1.21.1 (c2me_opts_scheduling)
		Concurrent Chunk Management Engine (Optimizations/Vanilla WorldGen) 0.3.0+alpha.0.90+1.21.1 (c2me_opts_worldgen_vanilla)
		Concurrent Chunk Management Engine (Rewrites/Chunk IO) 0.3.0+alpha.0.90+1.21.1 (c2me_rewrites_chunkio)
		Concurrent Chunk Management Engine (Rewrites/Chunk Serializer) 0.3.0+alpha.0.90+1.21.1 (c2me_rewrites_chunk_serializer)
		Concurrent Chunk Management Engine (Rewrites/Chunk System) 0.3.0+alpha.0.90+1.21.1 (c2me_rewrites_chunk_system)
		Concurrent Chunk Management Engine (Server Utils) 0.3.0+alpha.0.90+1.21.1 (c2me_server_utils)
		Concurrent Chunk Management Engine (Threading/Lighting) 0.3.0+alpha.0.90+1.21.1 (c2me_threading_lighting)
		conditional mixin 0.6.3 (conditional_mixin)
		Connectivity Mod 7.6 (connectivity)
		Controlling 19.0.5 (controlling)
		Cool Rain 1.0.1 (coolrain)
		CosmeticArmorReworked 1.21.1-v1-neoforge (cosmeticarmorreworked)
		Crafting Tweaks 21.1.7 (craftingtweaks)
		CreativeCore 2.13.35 (creativecore)
		Cupboard mod 3.5 (cupboard)
		Curios API 9.5.1+1.21.1 (curios)
		Distant Horizons 2.4.5-b (distanthorizons)
		Easy Anvils 21.1.0 (easyanvils)
		Easy Magic 21.1.4 (easymagic)
		Eating Animation 6.0.1 (eatinganimation)
		Eco Stack Manager 0.0NONE (eco_stack_manager)
		EMI 1.1.22+1.21.1+neoforge (emi)
		EnhancedVisuals 1.8.27 (enhancedvisuals)
		EntityCulling 1.9.5 (entityculling)
		Equipment Compare 1.3.13 (equipmentcompare)
		Fast IP Ping 1.0.8 (fastipping)
		Fast Suite 6.0.7 (fastsuite)
		Fast Workbench 9.1.3 (fastbench)
		FastFurnace 9.0.1 (fastfurnace)
		FastLeafDecay 35 (fastleafdecay)
		Ferrite Core 7.0.3 (ferritecore)
		FirstPerson 2.6.3 (firstperson)
		Forge Config API Port 21.1.2 (forgeconfigapiport)
		Forgified Fabric API Base 0.4.42+d1308ded19 (fabric_api_base)
		Forgified Fabric BlockView API (v2) 1.0.10+9afaaf8c19 (fabric_block_view_api_v2)
		Forgified Fabric Renderer API (v1) 3.4.0+acb05a3919 (fabric_renderer_api_v1)
		Forgified Fabric Rendering Data Attachment (v1) 0.3.48+73761d2e19 (fabric_rendering_data_attachment_v1)
		Fzzy Config 0.7.6+1.21+neoforge (fzzy_config)
		Gpu memory leak fix 1.8 (gpumemleakfix)
		GroovyModLoader 6.0.2 (gml)
		Highlighter 1.1.11 (highlighter)
		Iceberg 1.3.2 (iceberg)
		ImmediatelyFast 1.6.10+1.21.1 (immediatelyfast)
		Immersive Thunder 1.3.0 (immersivethunder)
		ImmersiveUI 0.3.3 (immersiveui)
		InControl 1.21-10.2.6 (incontrol)
		Inventory Management Deluxe 1.0.3 (inventorymanagement)
		InvMove 0.9.3 (invmove)
		InvMoveCompats 0.5.0 (invmove_compat)
		Iris 1.8.12-snapshot+mc1.21.1-local (iris)
		ItemPhysicLite 1.6.8 (itemphysiclite)
		Jade 15.10.5+neoforge (jade)
		Journeymap 1.21.1-6.0.0-beta.56 (journeymap)
		JourneyMap API 2.0.0 (journeymap_api)
		Just Enough Items 19.27.0.340 (jei)
		Kotlin For Forge 5.11.0 (kotlinforforge)
		Krypton FNP 0.2.28.1-1.21.1 (krypton_fnp)
		KumaAPI 21.0.7 (kuma_api)
		Lithium 0.15.3+mc1.21.1 (lithium)
		Lootr 1.21.1-1.11.37.118 (lootr)
		M.R.U 1.0.19+LTS+1.21.1+neoforge (mru)
		MapFrontiers 2.7.0-beta.18 (mapfrontiers)
		MidnightLib 1.9.2 (midnightlib)
		Minecraft 1.21.1 (minecraft)
		ModernFix 5.26.1+mc1.21.1 (modernfix)
		More Culling 1.0.7 (moreculling)
		Mouse Tweaks 2.26.1 (mousetweaks)
		NeoForge 21.1.220 (neoforge)
		Noisium 2.7.0+mc1.21-1.21.1 (noisium)
		NotEnoughAnimations 1.11.3 (notenoughanimations)
		Observable 5.4.4 (observable)
		OctoLib 0.6.1 (octolib)
		Overflowing Bars 21.1.1 (overflowingbars)
		Particular 1.1.7 (particular)
		Placebo 9.9.1 (placebo)
		Player Animator 2.0.4+1.21.1 (playeranimator)
		Polymorph 1.1.0+1.21.1 (polymorph)
		Presence Footsteps [FORGE] 1.0.0 (presencefootsteps)
		PrickleMC 21.1.11 (prickle)
		Puzzles Lib 21.1.39 (puzzleslib)
		Raised 5.1.2 (raised)
		Reese's Sodium Options 1.8.3+mc1.21.4 (reeses_sodium_options)
		Saturn 0.1.5 (saturn)
		ScalableLux 0.1.0.1+neoforge.1cb1e91 (scalablelux)
		Searchables 1.0.2 (searchables)
		Shoulder Surfing Reloaded 1.21.1-4.22.1 (shouldersurfing)
		Smooth Scrolling Reforged 1.0.1 (smoothscrolling)
		Smoothchunk mod 4.1 (smoothchunk)
		smoothmovement mod 2.7 (smoothmovement)
		Sodium 0.6.13+mc1.21.1 (sodium)
		Sound Physics Remastered 1.21.1-1.5.1 (sound_physics_remastered)
		Sounds 2.4.22+lts (sounds)
		spark 1.10.124 (spark)
		SparseStructures 3.0 (sparsestructures)
		Spawn Animations 1.11.3+mod (spawnanimations)
		Spawn Animations Compats 14.0 (mr_spawn_animationscompats)
		Structure Essentials mod 4.8 (structureessentials)
		Stylish Effects 21.1.2 (stylisheffects)
		Subtle Effects 1.14.0 (subtle_effects)
		Tectonic 3.0.19 (tectonic)
		Tiny Config 3.1.0 (tiny_config)
		TRansition 1.0.13 (transition)
		TRender 1.0.10 (trender)
		Visual Workbench 21.1.1 (visualworkbench)
		Visuality: Reforged 2.1.0 (visuality)
		Wakes 1.0.5 (wakes)
		YetAnotherConfigLib 3.8.2+1.21.1-neoforge (yet_another_config_lib_v3)
		YUNG's API 1.21.1-NeoForge-5.1.6 (yungsapi)
		YUNG's Menu Tweaks 1.21.1-NeoForge-2.1.2 (yungsmenutweaks)
[24Mar2026 16:40:51.313] [main/ERROR] [net.neoforged.fml.loading.ModSorter/LOADING]: Missing or unsupported mandatory dependencies:
	Mod ID: 'lithostitched', Requested by: 'tectonic', Expected range: '[1.4.11,)', Actual version: '[MISSING]'
	Mod ID: 'lithostitched', Requested by: 'tectonic', Expected range: '[1.4.11,)', Actual version: '[MISSING]'
[24Mar2026 16:40:51.527] [main/INFO] [cpw.mods.modlauncher.LaunchServiceHandler/MODLAUNCHER]: Launching target 'forgeclient' with arguments [--version, 1.21.1, --gameDir, C:\Users\chris\AppData\Roaming\PrismLauncher\instances\Pantoxorem\minecraft, --assetsDir, C:\Users\chris\AppData\Roaming\PrismLauncher\assets, --uuid, 0b85854b37fd41aabb50b49403e11f3e, --username, oolteem8, --assetIndex, 17, --accessToken, ❄❄❄❄❄❄❄❄, --userType, msa, --versionType, release, --width, 854, --height, 480]
[24Mar2026 16:40:52.910] [Datafixer Bootstrap/INFO] [com.mojang.datafixers.DataFixerBuilder/]: 229 Datafixer optimizations took 310 milliseconds
[24Mar2026 16:40:53.088] [pool-6-thread-1/INFO] [MixinExtras|Service/]: Initializing MixinExtras via com.llamalad7.mixinextras.service.MixinExtrasServiceImpl(version=0.5.0).
[24Mar2026 16:40:56.508] [Render thread/WARN] [net.minecraft.server.packs.VanillaPackResourcesBuilder/]: Assets URL 'union:/C:/Users/chris/AppData/Roaming/PrismLauncher/libraries/net/minecraft/client/1.21.1-20240808.144430/client-1.21.1-20240808.144430-srg.jar%23295!/assets/.mcassetsroot' uses unexpected schema
[24Mar2026 16:40:56.509] [Render thread/WARN] [net.minecraft.server.packs.VanillaPackResourcesBuilder/]: Assets URL 'union:/C:/Users/chris/AppData/Roaming/PrismLauncher/libraries/net/minecraft/client/1.21.1-20240808.144430/client-1.21.1-20240808.144430-srg.jar%23295!/data/.mcassetsroot' uses unexpected schema
[24Mar2026 16:40:56.532] [Render thread/INFO] [com.mojang.authlib.yggdrasil.YggdrasilAuthenticationService/]: Environment: Environment[sessionHost=https://sessionserver.mojang.com, servicesHost=https://api.minecraftservices.com, name=PROD]
[24Mar2026 16:40:56.540] [Render thread/INFO] [net.minecraft.client.Minecraft/]: Setting user: oolteem8
[24Mar2026 16:40:56.634] [Render thread/INFO] [net.minecraft.client.Minecraft/]: Backend library: LWJGL version 3.3.3+5
[24Mar2026 16:40:56.835] [Render thread/FATAL] [net.neoforged.fml.ModLoader/CORE]: Error during pre-loading phase: Mod tectonic requires lithostitched 1.4.11 or above
Currently, lithostitched is not installed

[24Mar2026 16:40:56.835] [Render thread/FATAL] [net.neoforged.fml.ModLoader/CORE]: Error during pre-loading phase: Mod tectonic requires lithostitched 1.4.11 or above
Currently, lithostitched is not installed

[24Mar2026 16:40:56.957] [Render thread/ERROR] [net.neoforged.fml.ModLoader/]: Cowardly refusing to send event net.neoforged.neoforge.client.event.sound.SoundEngineLoadEvent to a broken mod state
[24Mar2026 16:40:57.054] [Render thread/ERROR] [net.neoforged.fml.ModLoader/]: Cowardly refusing to send event net.neoforged.neoforge.client.event.RegisterColorHandlersEvent$Block to a broken mod state
[24Mar2026 16:40:57.056] [Render thread/ERROR] [net.neoforged.fml.ModLoader/]: Cowardly refusing to send event net.neoforged.neoforge.client.event.RegisterColorHandlersEvent$Item to a broken mod state
[24Mar2026 16:40:57.068] [Render thread/ERROR] [net.neoforged.fml.ModLoader/]: Cowardly refusing to send event net.neoforged.neoforge.client.event.RegisterMaterialAtlasesEvent to a broken mod state
[24Mar2026 16:40:57.109] [Render thread/ERROR] [net.neoforged.fml.ModLoader/]: Cowardly refusing to send event net.neoforged.neoforge.client.event.RegisterRenderBuffersEvent to a broken mod state
[24Mar2026 16:40:57.160] [Render thread/ERROR] [net.neoforged.fml.ModLoader/]: Cowardly refusing to send event net.neoforged.neoforge.client.event.RegisterParticleProvidersEvent to a broken mod state
[24Mar2026 16:40:57.184] [Render thread/ERROR] [net.neoforged.fml.ModLoader/]: Cowardly refusing to send event net.neoforged.neoforge.client.event.RenderLevelStageEvent$RegisterStageEvent to a broken mod state
[24Mar2026 16:40:57.222] [Render thread/ERROR] [net.neoforged.fml.ModLoader/]: Cowardly refusing to send event net.neoforged.neoforge.client.extensions.common.RegisterClientExtensionsEvent to a broken mod state
[24Mar2026 16:40:57.223] [Render thread/ERROR] [net.neoforged.fml.ModLoader/]: Cowardly refusing to send event net.neoforged.neoforge.client.event.RegisterSpriteSourceTypesEvent to a broken mod state
[24Mar2026 16:40:57.240] [Render thread/ERROR] [net.neoforged.fml.ModLoader/]: Cowardly refusing to send event net.neoforged.neoforge.client.event.RegisterMenuScreensEvent to a broken mod state
[24Mar2026 16:40:57.240] [Render thread/ERROR] [net.neoforged.fml.ModLoader/]: Cowardly refusing to send event net.neoforged.neoforge.client.event.RegisterClientReloadListenersEvent to a broken mod state
[24Mar2026 16:40:57.240] [Render thread/ERROR] [net.neoforged.fml.ModLoader/]: Cowardly refusing to send event net.neoforged.neoforge.client.event.EntityRenderersEvent$RegisterLayerDefinitions to a broken mod state
[24Mar2026 16:40:57.241] [Render thread/ERROR] [net.neoforged.fml.ModLoader/]: Cowardly refusing to send event net.neoforged.neoforge.client.event.EntityRenderersEvent$RegisterRenderers to a broken mod state
[24Mar2026 16:40:57.242] [Render thread/ERROR] [net.neoforged.fml.ModLoader/]: Cowardly refusing to send event net.neoforged.neoforge.client.event.RegisterClientTooltipComponentFactoriesEvent to a broken mod state
[24Mar2026 16:40:57.243] [Render thread/ERROR] [net.neoforged.fml.ModLoader/]: Cowardly refusing to send event net.neoforged.neoforge.client.event.RegisterEntitySpectatorShadersEvent to a broken mod state
[24Mar2026 16:40:57.243] [Render thread/ERROR] [net.neoforged.fml.ModLoader/]: Cowardly refusing to send event net.neoforged.neoforge.client.event.RegisterKeyMappingsEvent to a broken mod state
[24Mar2026 16:40:57.245] [Render thread/ERROR] [net.neoforged.fml.ModLoader/]: Cowardly refusing to send event net.neoforged.neoforge.client.event.RegisterRecipeBookCategoriesEvent to a broken mod state
[24Mar2026 16:40:57.245] [Render thread/ERROR] [net.neoforged.fml.ModLoader/]: Cowardly refusing to send event net.neoforged.neoforge.client.event.RegisterGuiLayersEvent to a broken mod state
[24Mar2026 16:40:57.247] [Render thread/ERROR] [net.neoforged.fml.ModLoader/]: Cowardly refusing to send event net.neoforged.neoforge.client.event.RegisterDimensionSpecialEffectsEvent to a broken mod state
[24Mar2026 16:40:57.248] [Render thread/ERROR] [net.neoforged.fml.ModLoader/]: Cowardly refusing to send event net.neoforged.neoforge.client.event.RegisterNamedRenderTypesEvent to a broken mod state
[24Mar2026 16:40:57.249] [Render thread/ERROR] [net.neoforged.fml.ModLoader/]: Cowardly refusing to send event net.neoforged.neoforge.client.event.RegisterColorHandlersEvent$ColorResolvers to a broken mod state
[24Mar2026 16:40:57.249] [Render thread/ERROR] [net.neoforged.fml.ModLoader/]: Cowardly refusing to send event net.neoforged.neoforge.client.event.RegisterItemDecorationsEvent to a broken mod state
[24Mar2026 16:40:57.254] [Render thread/ERROR] [net.neoforged.fml.ModLoader/]: Cowardly refusing to send event net.neoforged.neoforge.client.event.RegisterPresetEditorsEvent to a broken mod state
[24Mar2026 16:40:57.255] [Render thread/ERROR] [net.neoforged.fml.ModLoader/]: Cowardly refusing to send event net.neoforged.neoforge.client.gui.map.RegisterMapDecorationRenderersEvent to a broken mod state
[24Mar2026 16:40:57.255] [Render thread/ERROR] [net.neoforged.fml.ModLoader/]: Cowardly refusing to send event net.neoforged.neoforge.client.event.RegisterDimensionTransitionScreenEvent to a broken mod state
[24Mar2026 16:40:57.262] [Render thread/ERROR] [net.neoforged.fml.ModLoader/]: Cowardly refusing to send event net.neoforged.neoforge.client.event.RegisterJsonAnimationTypesEvent to a broken mod state
[24Mar2026 16:40:57.324] [Render thread/INFO] [net.minecraft.server.packs.resources.ReloadableResourceManager/]: Reloading ResourceManager: vanilla
[24Mar2026 16:40:57.353] [Render thread/ERROR] [net.neoforged.fml.ModLoader/]: Cowardly refusing to send event net.neoforged.neoforge.client.event.ModelEvent$RegisterGeometryLoaders to a broken mod state
[24Mar2026 16:40:57.392] [Worker-Main-7/INFO] [net.minecraft.client.gui.font.providers.UnihexProvider/]: Found unifont_jp_patch-15.1.05.hex, loading
[24Mar2026 16:40:57.392] [Worker-Main-8/INFO] [net.minecraft.client.gui.font.providers.UnihexProvider/]: Found unifont_all_no_pua-15.1.05.hex, loading
[24Mar2026 16:40:57.967] [Worker-Main-1/ERROR] [net.neoforged.fml.ModLoader/]: Cowardly refusing to send event net.neoforged.neoforge.client.event.ModelEvent$RegisterAdditional to a broken mod state
[24Mar2026 16:40:58.317] [Worker-Main-1/ERROR] [net.neoforged.fml.ModLoader/]: Cowardly refusing to send event net.neoforged.neoforge.client.event.ModelEvent$ModifyBakingResult to a broken mod state
[24Mar2026 16:40:58.396] [Render thread/WARN] [net.minecraft.client.sounds.SoundEngine/]: Missing sound for event: minecraft:item.goat_horn.play
[24Mar2026 16:40:58.396] [Render thread/WARN] [net.minecraft.client.sounds.SoundEngine/]: Missing sound for event: minecraft:entity.goat.screaming.horn_break
[24Mar2026 16:40:58.484] [Render thread/INFO] [com.mojang.blaze3d.audio.Library/]: OpenAL initialized on device OpenAL Soft on Headphones (WH-1000XM5)
[24Mar2026 16:40:58.485] [Render thread/INFO] [net.minecraft.client.sounds.SoundEngine/SOUNDS]: Sound engine started
[24Mar2026 16:40:58.485] [Render thread/ERROR] [net.neoforged.fml.ModLoader/]: Cowardly refusing to send event net.neoforged.neoforge.client.event.sound.SoundEngineLoadEvent to a broken mod state
[24Mar2026 16:40:58.574] [Render thread/INFO] [net.minecraft.client.renderer.texture.TextureAtlas/]: Created: 1024x512x4 minecraft:textures/atlas/blocks.png-atlas
[24Mar2026 16:40:58.584] [Render thread/ERROR] [net.neoforged.fml.ModLoader/]: Cowardly refusing to send event net.neoforged.neoforge.client.event.TextureAtlasStitchedEvent to a broken mod state
[24Mar2026 16:40:58.585] [Render thread/INFO] [net.minecraft.client.renderer.texture.TextureAtlas/]: Created: 256x256x4 minecraft:textures/atlas/signs.png-atlas
[24Mar2026 16:40:58.585] [Render thread/ERROR] [net.neoforged.fml.ModLoader/]: Cowardly refusing to send event net.neoforged.neoforge.client.event.TextureAtlasStitchedEvent to a broken mod state
[24Mar2026 16:40:58.585] [Render thread/INFO] [net.minecraft.client.renderer.texture.TextureAtlas/]: Created: 512x512x4 minecraft:textures/atlas/shield_patterns.png-atlas
[24Mar2026 16:40:58.585] [Render thread/ERROR] [net.neoforged.fml.ModLoader/]: Cowardly refusing to send event net.neoforged.neoforge.client.event.TextureAtlasStitchedEvent to a broken mod state
[24Mar2026 16:40:58.586] [Render thread/INFO] [net.minecraft.client.renderer.texture.TextureAtlas/]: Created: 512x512x4 minecraft:textures/atlas/banner_patterns.png-atlas
[24Mar2026 16:40:58.586] [Render thread/ERROR] [net.neoforged.fml.ModLoader/]: Cowardly refusing to send event net.neoforged.neoforge.client.event.TextureAtlasStitchedEvent to a broken mod state
[24Mar2026 16:40:58.586] [Render thread/INFO] [net.minecraft.client.renderer.texture.TextureAtlas/]: Created: 1024x1024x4 minecraft:textures/atlas/armor_trims.png-atlas
[24Mar2026 16:40:58.589] [Render thread/ERROR] [net.neoforged.fml.ModLoader/]: Cowardly refusing to send event net.neoforged.neoforge.client.event.TextureAtlasStitchedEvent to a broken mod state
[24Mar2026 16:40:58.589] [Render thread/INFO] [net.minecraft.client.renderer.texture.TextureAtlas/]: Created: 256x256x4 minecraft:textures/atlas/chest.png-atlas
[24Mar2026 16:40:58.590] [Render thread/ERROR] [net.neoforged.fml.ModLoader/]: Cowardly refusing to send event net.neoforged.neoforge.client.event.TextureAtlasStitchedEvent to a broken mod state
[24Mar2026 16:40:58.590] [Render thread/INFO] [net.minecraft.client.renderer.texture.TextureAtlas/]: Created: 128x64x4 minecraft:textures/atlas/decorated_pot.png-atlas
[24Mar2026 16:40:58.590] [Render thread/ERROR] [net.neoforged.fml.ModLoader/]: Cowardly refusing to send event net.neoforged.neoforge.client.event.TextureAtlasStitchedEvent to a broken mod state
[24Mar2026 16:40:58.590] [Render thread/INFO] [net.minecraft.client.renderer.texture.TextureAtlas/]: Created: 512x256x4 minecraft:textures/atlas/beds.png-atlas
[24Mar2026 16:40:58.590] [Render thread/ERROR] [net.neoforged.fml.ModLoader/]: Cowardly refusing to send event net.neoforged.neoforge.client.event.TextureAtlasStitchedEvent to a broken mod state
[24Mar2026 16:40:58.590] [Render thread/INFO] [net.minecraft.client.renderer.texture.TextureAtlas/]: Created: 512x256x4 minecraft:textures/atlas/shulker_boxes.png-atlas
[24Mar2026 16:40:58.590] [Render thread/ERROR] [net.neoforged.fml.ModLoader/]: Cowardly refusing to send event net.neoforged.neoforge.client.event.TextureAtlasStitchedEvent to a broken mod state
[24Mar2026 16:40:58.590] [Render thread/ERROR] [net.neoforged.fml.ModLoader/]: Cowardly refusing to send event net.neoforged.neoforge.client.event.ModelEvent$BakingCompleted to a broken mod state
[24Mar2026 16:40:58.654] [Render thread/ERROR] [net.neoforged.fml.ModLoader/]: Cowardly refusing to send event net.neoforged.neoforge.client.event.EntityRenderersEvent$CreateSkullModels to a broken mod state
[24Mar2026 16:40:58.656] [Render thread/ERROR] [net.neoforged.fml.ModLoader/]: Cowardly refusing to send event net.neoforged.neoforge.client.event.EntityRenderersEvent$CreateSkullModels to a broken mod state
[24Mar2026 16:40:58.710] [Render thread/ERROR] [net.neoforged.fml.ModLoader/]: Cowardly refusing to send event net.neoforged.neoforge.client.event.EntityRenderersEvent$CreateSkullModels to a broken mod state
[24Mar2026 16:40:58.711] [Render thread/ERROR] [net.neoforged.fml.ModLoader/]: Cowardly refusing to send event net.neoforged.neoforge.client.event.EntityRenderersEvent$CreateSkullModels to a broken mod state
[24Mar2026 16:40:58.713] [Render thread/ERROR] [net.neoforged.fml.ModLoader/]: Cowardly refusing to send event net.neoforged.neoforge.client.event.EntityRenderersEvent$CreateSkullModels to a broken mod state
[24Mar2026 16:40:58.715] [Render thread/ERROR] [net.neoforged.fml.ModLoader/]: Cowardly refusing to send event net.neoforged.neoforge.client.event.EntityRenderersEvent$CreateSkullModels to a broken mod state
[24Mar2026 16:40:58.715] [Render thread/ERROR] [net.neoforged.fml.ModLoader/]: Cowardly refusing to send event net.neoforged.neoforge.client.event.EntityRenderersEvent$CreateSkullModels to a broken mod state
[24Mar2026 16:40:58.715] [Render thread/ERROR] [net.neoforged.fml.ModLoader/]: Cowardly refusing to send event net.neoforged.neoforge.client.event.EntityRenderersEvent$CreateSkullModels to a broken mod state
[24Mar2026 16:40:58.717] [Render thread/ERROR] [net.neoforged.fml.ModLoader/]: Cowardly refusing to send event net.neoforged.neoforge.client.event.EntityRenderersEvent$CreateSkullModels to a broken mod state
[24Mar2026 16:40:58.717] [Render thread/ERROR] [net.neoforged.fml.ModLoader/]: Cowardly refusing to send event net.neoforged.neoforge.client.event.EntityRenderersEvent$CreateSkullModels to a broken mod state
[24Mar2026 16:40:58.717] [Render thread/ERROR] [net.neoforged.fml.ModLoader/]: Cowardly refusing to send event net.neoforged.neoforge.client.event.EntityRenderersEvent$CreateSkullModels to a broken mod state
[24Mar2026 16:40:58.718] [Render thread/ERROR] [net.neoforged.fml.ModLoader/]: Cowardly refusing to send event net.neoforged.neoforge.client.event.EntityRenderersEvent$CreateSkullModels to a broken mod state
[24Mar2026 16:40:58.720] [Render thread/ERROR] [net.neoforged.fml.ModLoader/]: Cowardly refusing to send event net.neoforged.neoforge.client.event.EntityRenderersEvent$CreateSkullModels to a broken mod state
[24Mar2026 16:40:58.722] [Render thread/ERROR] [net.neoforged.fml.ModLoader/]: Cowardly refusing to send event net.neoforged.neoforge.client.event.EntityRenderersEvent$CreateSkullModels to a broken mod state
[24Mar2026 16:40:58.724] [Render thread/ERROR] [net.neoforged.fml.ModLoader/]: Cowardly refusing to send event net.neoforged.neoforge.client.event.EntityRenderersEvent$CreateSkullModels to a broken mod state
[24Mar2026 16:40:58.725] [Render thread/ERROR] [net.neoforged.fml.ModLoader/]: Cowardly refusing to send event net.neoforged.neoforge.client.event.EntityRenderersEvent$CreateSkullModels to a broken mod state
[24Mar2026 16:40:58.725] [Render thread/ERROR] [net.neoforged.fml.ModLoader/]: Cowardly refusing to send event net.neoforged.neoforge.client.event.EntityRenderersEvent$CreateSkullModels to a broken mod state
[24Mar2026 16:40:58.725] [Render thread/ERROR] [net.neoforged.fml.ModLoader/]: Cowardly refusing to send event net.neoforged.neoforge.client.event.EntityRenderersEvent$CreateSkullModels to a broken mod state
[24Mar2026 16:40:58.726] [Render thread/ERROR] [net.neoforged.fml.ModLoader/]: Cowardly refusing to send event net.neoforged.neoforge.client.event.EntityRenderersEvent$CreateSkullModels to a broken mod state
[24Mar2026 16:40:58.726] [Render thread/ERROR] [net.neoforged.fml.ModLoader/]: Cowardly refusing to send event net.neoforged.neoforge.client.event.EntityRenderersEvent$CreateSkullModels to a broken mod state
[24Mar2026 16:40:58.730] [Render thread/ERROR] [net.neoforged.fml.ModLoader/]: Cowardly refusing to send event net.neoforged.neoforge.client.event.EntityRenderersEvent$CreateSkullModels to a broken mod state
[24Mar2026 16:40:58.730] [Render thread/ERROR] [net.neoforged.fml.ModLoader/]: Cowardly refusing to send event net.neoforged.neoforge.client.event.EntityRenderersEvent$CreateSkullModels to a broken mod state
[24Mar2026 16:40:58.731] [Render thread/ERROR] [net.neoforged.fml.ModLoader/]: Cowardly refusing to send event net.neoforged.neoforge.client.event.EntityRenderersEvent$AddLayers to a broken mod state
[24Mar2026 16:40:58.731] [Render thread/INFO] [net.minecraft.client.renderer.texture.TextureAtlas/]: Created: 512x256x0 minecraft:textures/atlas/particles.png-atlas
[24Mar2026 16:40:58.731] [Render thread/ERROR] [net.neoforged.fml.ModLoader/]: Cowardly refusing to send event net.neoforged.neoforge.client.event.TextureAtlasStitchedEvent to a broken mod state
[24Mar2026 16:40:58.732] [Render thread/INFO] [net.minecraft.client.renderer.texture.TextureAtlas/]: Created: 512x256x0 minecraft:textures/atlas/paintings.png-atlas
[24Mar2026 16:40:58.732] [Render thread/ERROR] [net.neoforged.fml.ModLoader/]: Cowardly refusing to send event net.neoforged.neoforge.client.event.TextureAtlasStitchedEvent to a broken mod state
[24Mar2026 16:40:58.732] [Render thread/INFO] [net.minecraft.client.renderer.texture.TextureAtlas/]: Created: 256x128x0 minecraft:textures/atlas/mob_effects.png-atlas
[24Mar2026 16:40:58.732] [Render thread/ERROR] [net.neoforged.fml.ModLoader/]: Cowardly refusing to send event net.neoforged.neoforge.client.event.TextureAtlasStitchedEvent to a broken mod state
[24Mar2026 16:40:58.732] [Render thread/INFO] [net.minecraft.client.renderer.texture.TextureAtlas/]: Created: 64x64x0 minecraft:textures/atlas/map_decorations.png-atlas
[24Mar2026 16:40:58.732] [Render thread/ERROR] [net.neoforged.fml.ModLoader/]: Cowardly refusing to send event net.neoforged.neoforge.client.event.TextureAtlasStitchedEvent to a broken mod state
[24Mar2026 16:40:58.733] [Render thread/INFO] [net.minecraft.client.renderer.texture.TextureAtlas/]: Created: 1024x512x0 minecraft:textures/atlas/gui.png-atlas
[24Mar2026 16:40:58.733] [Render thread/ERROR] [net.neoforged.fml.ModLoader/]: Cowardly refusing to send event net.neoforged.neoforge.client.event.TextureAtlasStitchedEvent to a broken mod state
[24Mar2026 16:40:58.762] [Render thread/WARN] [net.minecraft.client.renderer.ShaderInstance/]: Shader rendertype_entity_translucent_emissive could not find sampler named Sampler2 in the specified shader program.
[24Mar2026 16:40:58.810] [Render thread/ERROR] [net.neoforged.fml.ModLoader/]: Cowardly refusing to send event net.neoforged.neoforge.client.event.RegisterShadersEvent to a broken mod state
[24Mar2026 16:40:58.895] [Render thread/ERROR] [net.minecraft.CrashReport/]: Negative index in crash report handler (0/34)
[24Mar2026 16:40:58.905] [Render thread/FATAL] [net.neoforged.neoforge.client.loading.ClientModLoader/]: Crash report saved to C:\Users\chris\AppData\Roaming\PrismLauncher\instances\Pantoxorem\minecraft\crash-reports\crash-2026-03-24_16.40.58-fml.txt
[24Mar2026 16:41:06.223] [Render thread/INFO] [net.minecraft.client.Minecraft/]: Stopping!
